[2024-05-30 11:24:14.621] [info] Loaded model DAS3 from file das3.osim
[2024-05-30 11:24:14.710] [warning] Couldn't find file 'imu_geom.vtp'.
[2024-05-30 11:24:14.737] [warning] Couldn't find file 'imu_geom.vtp'.
[2024-05-30 11:24:14.784] [warning] Couldn't find file 'imu_geom.vtp'.
[2024-05-30 11:31:05.023] [info] Loaded model DAS3 from file das3.osim
[2024-05-30 11:31:58.643] [info] Loaded model DAS3 from file das3.osim
[2024-05-30 11:32:18.585] [info] Loaded model DAS3 from file das3.osim
[2024-05-30 11:33:55.804] [info] Loaded model DAS3 from file das3.osim
[2024-05-30 11:34:16.574] [info] Loaded model DAS3 from file das3.osim
[2024-05-30 11:34:27.121] [info] Loaded model DAS3 from file das3.osim
[2024-05-30 11:37:43.557] [info] Loaded model DAS3 from file das3.osim
[2024-05-30 11:37:50.418] [info] Loaded model DAS3 from file das3.osim
[2024-05-30 11:38:17.598] [info] Loaded model DAS3 from file das3.osim
[2024-05-30 11:38:28.714] [info] Loaded model DAS3 from file das3.osim
[2024-05-30 11:39:18.702] [info] Loaded model DAS3 from file das3.osim
[2024-05-30 11:39:41.132] [info] Loaded model DAS3 from file das3.osim
[2024-05-30 11:39:54.034] [info] Loaded model DAS3 from file das3.osim
[2024-05-30 11:46:33.109] [info] Loaded model DAS3 from file das3.osim
[2024-05-30 12:00:43.176] [info] Loaded model DAS3 from file das3.osim
[2024-05-30 12:01:05.777] [info] Loaded model DAS3 from file das3.osim
[2024-05-30 12:01:21.910] [info] Loaded model DAS3 from file das3.osim
[2024-05-30 12:01:49.890] [info] Loaded model DAS3 from file das3.osim
[2024-05-30 12:02:05.131] [info] Loaded model DAS3 from file das3.osim
[2024-05-30 12:07:11.933] [info] Loaded model DAS3 from file das3.osim
[2024-05-30 12:09:07.806] [info] Loaded model DAS3 from file das3.osim
[2024-05-30 12:09:44.397] [info] Loaded model DAS3 from file das3.osim
[2024-05-30 12:10:01.898] [info] Loaded model DAS3 from file das3.osim
[2024-05-30 12:10:11.600] [info] Loaded model DAS3 from file das3.osim
[2024-05-30 12:10:21.717] [info] Loaded model DAS3 from file das3.osim
[2024-05-30 12:10:30.250] [info] Loaded model DAS3 from file das3.osim
[2024-05-30 13:02:40.311] [info] Loaded model DAS3 from file das3.osim
[2024-06-20 09:22:56.627] [info] Loaded model DAS3 from file das3.osim
[2024-06-20 09:22:56.739] [info] Loaded model DAS3 from file das3.osim
[2024-06-20 09:23:45.095] [info] Loaded model DAS3 from file das3.osim
[2024-06-20 09:23:45.171] [info] Loaded model DAS3 from file das3.osim
[2024-06-20 09:24:26.980] [info] Loaded model DAS3 from file das3.osim
[2024-06-20 09:24:27.199] [info] Loaded model DAS3 from file das3.osim
[2024-06-20 10:26:45.022] [info] Loaded model DAS3 from file das3.osim
[2024-06-20 10:28:40.876] [info] Loaded model DAS3 from file das3.osim
[2024-06-20 10:29:55.563] [info] Loaded model DAS3 from file das3.osim
[2024-06-20 10:29:59.800] [info] Loaded model DAS3 from file das3.osim
[2024-07-02 13:55:51.432] [info] Loaded model DAS3 from file das3.osim
[2024-07-02 13:59:23.634] [info] Loaded model DAS3 from file das3.osim
[2024-07-02 14:00:51.210] [info] Loaded model DAS3 from file das3.osim
[2024-07-02 14:00:51.279] [info] Loaded model DAS3 from file das3.osim
[2024-07-02 14:02:23.116] [info] Loaded model DAS3 from file das3.osim
[2024-07-02 14:02:23.307] [info] Loaded model DAS3 from file das3.osim
[2024-07-04 17:10:20.580] [info] Loaded model Right-scaled from file C:\Users\r03mm22\Documents\Protocol_Testing\2024 Data Collection\P11\OMC\das3_scaled_and_placed.osim
[2024-07-04 17:10:20.582] [warning] Couldn't find file 'ground_ribs.vtp'.
[2024-07-04 17:10:20.582] [warning] Couldn't find file 'ground_spine.vtp'.
[2024-07-04 17:10:20.582] [warning] Couldn't find file 'ground_skull.vtp'.
[2024-07-04 17:10:20.582] [warning] Couldn't find file 'ground_jaw.vtp'.
[2024-07-04 17:10:20.582] [warning] Couldn't find file 'rclavicle.vtp'.
[2024-07-04 17:10:20.582] [warning] Couldn't find file 'rscapula.vtp'.
[2024-07-04 17:10:20.582] [warning] Couldn't find file 'rhumerus.vtp'.
[2024-07-04 17:10:20.582] [warning] Couldn't find file 'rulna.vtp'.
[2024-07-04 17:10:20.582] [warning] Couldn't find file 'rradius.vtp'.
[2024-07-04 17:10:20.582] [warning] Couldn't find file 'r_hand.vtp'.
[2024-07-04 17:11:06.716] [info] Loaded model Right-scaled from file C:\Users\r03mm22\Documents\Protocol_Testing\2024 Data Collection\P11\OMC\das3_scaled_and_placed.osim
[2024-07-04 17:11:06.717] [warning] Couldn't find file 'ground_ribs.vtp'.
[2024-07-04 17:11:06.717] [warning] Couldn't find file 'ground_spine.vtp'.
[2024-07-04 17:11:06.717] [warning] Couldn't find file 'ground_skull.vtp'.
[2024-07-04 17:11:06.717] [warning] Couldn't find file 'ground_jaw.vtp'.
[2024-07-04 17:11:06.717] [warning] Couldn't find file 'rclavicle.vtp'.
[2024-07-04 17:11:06.717] [warning] Couldn't find file 'rscapula.vtp'.
[2024-07-04 17:11:06.717] [warning] Couldn't find file 'rhumerus.vtp'.
[2024-07-04 17:11:06.717] [warning] Couldn't find file 'rulna.vtp'.
[2024-07-04 17:11:06.717] [warning] Couldn't find file 'rradius.vtp'.
[2024-07-04 17:11:06.717] [warning] Couldn't find file 'r_hand.vtp'.
[2024-07-04 17:11:22.742] [info] Loaded model Right-scaled from file C:\Users\r03mm22\Documents\Protocol_Testing\2024 Data Collection\P11\OMC\das3_scaled_and_placed.osim
[2024-07-04 17:11:22.743] [warning] Couldn't find file 'ground_ribs.vtp'.
[2024-07-04 17:11:22.743] [warning] Couldn't find file 'ground_spine.vtp'.
[2024-07-04 17:11:22.743] [warning] Couldn't find file 'ground_skull.vtp'.
[2024-07-04 17:11:22.743] [warning] Couldn't find file 'ground_jaw.vtp'.
[2024-07-04 17:11:22.744] [warning] Couldn't find file 'rclavicle.vtp'.
[2024-07-04 17:11:22.744] [warning] Couldn't find file 'rscapula.vtp'.
[2024-07-04 17:11:22.744] [warning] Couldn't find file 'rhumerus.vtp'.
[2024-07-04 17:11:22.744] [warning] Couldn't find file 'rulna.vtp'.
[2024-07-04 17:11:22.744] [warning] Couldn't find file 'rradius.vtp'.
[2024-07-04 17:11:22.744] [warning] Couldn't find file 'r_hand.vtp'.
[2024-07-04 17:11:57.841] [info] Loaded model Right-scaled from file C:\Users\r03mm22\Documents\Protocol_Testing\2024 Data Collection\P11\OMC\das3_scaled_and_placed.osim
[2024-07-04 17:11:57.842] [warning] Couldn't find file 'ground_ribs.vtp'.
[2024-07-04 17:11:57.842] [warning] Couldn't find file 'ground_spine.vtp'.
[2024-07-04 17:11:57.842] [warning] Couldn't find file 'ground_skull.vtp'.
[2024-07-04 17:11:57.842] [warning] Couldn't find file 'ground_jaw.vtp'.
[2024-07-04 17:11:57.843] [warning] Couldn't find file 'rclavicle.vtp'.
[2024-07-04 17:11:57.843] [warning] Couldn't find file 'rscapula.vtp'.
[2024-07-04 17:11:57.843] [warning] Couldn't find file 'rhumerus.vtp'.
[2024-07-04 17:11:57.843] [warning] Couldn't find file 'rulna.vtp'.
[2024-07-04 17:11:57.843] [warning] Couldn't find file 'rradius.vtp'.
[2024-07-04 17:11:57.843] [warning] Couldn't find file 'r_hand.vtp'.
[2024-07-04 17:12:31.353] [info] Loaded model Right-scaled from file C:\Users\r03mm22\Documents\Protocol_Testing\2024 Data Collection\P11\OMC\das3_scaled_and_placed.osim
[2024-07-04 17:12:31.354] [warning] Couldn't find file 'ground_ribs.vtp'.
[2024-07-04 17:12:31.354] [warning] Couldn't find file 'ground_spine.vtp'.
[2024-07-04 17:12:31.354] [warning] Couldn't find file 'ground_skull.vtp'.
[2024-07-04 17:12:31.354] [warning] Couldn't find file 'ground_jaw.vtp'.
[2024-07-04 17:12:31.354] [warning] Couldn't find file 'rclavicle.vtp'.
[2024-07-04 17:12:31.355] [warning] Couldn't find file 'rscapula.vtp'.
[2024-07-04 17:12:31.355] [warning] Couldn't find file 'rhumerus.vtp'.
[2024-07-04 17:12:31.355] [warning] Couldn't find file 'rulna.vtp'.
[2024-07-04 17:12:31.355] [warning] Couldn't find file 'rradius.vtp'.
[2024-07-04 17:12:31.355] [warning] Couldn't find file 'r_hand.vtp'.
[2024-07-04 17:14:37.307] [info] Loaded model Right-scaled from file C:\Users\r03mm22\Documents\Protocol_Testing\2024 Data Collection\P11\OMC\das3_scaled_and_placed.osim
[2024-07-04 17:14:37.308] [warning] Couldn't find file 'ground_ribs.vtp'.
[2024-07-04 17:14:37.308] [warning] Couldn't find file 'ground_spine.vtp'.
[2024-07-04 17:14:37.308] [warning] Couldn't find file 'ground_skull.vtp'.
[2024-07-04 17:14:37.308] [warning] Couldn't find file 'ground_jaw.vtp'.
[2024-07-04 17:14:37.309] [warning] Couldn't find file 'rclavicle.vtp'.
[2024-07-04 17:14:37.309] [warning] Couldn't find file 'rscapula.vtp'.
[2024-07-04 17:14:37.309] [warning] Couldn't find file 'rhumerus.vtp'.
[2024-07-04 17:14:37.309] [warning] Couldn't find file 'rulna.vtp'.
[2024-07-04 17:14:37.309] [warning] Couldn't find file 'rradius.vtp'.
[2024-07-04 17:14:37.309] [warning] Couldn't find file 'r_hand.vtp'.
[2024-07-04 17:15:29.056] [info] Loaded model Right-scaled from file C:\Users\r03mm22\Documents\Protocol_Testing\2024 Data Collection\P11\OMC\das3_scaled_and_placed.osim
[2024-07-04 17:15:29.057] [warning] Couldn't find file 'ground_ribs.vtp'.
[2024-07-04 17:15:29.057] [warning] Couldn't find file 'ground_spine.vtp'.
[2024-07-04 17:15:29.057] [warning] Couldn't find file 'ground_skull.vtp'.
[2024-07-04 17:15:29.057] [warning] Couldn't find file 'ground_jaw.vtp'.
[2024-07-04 17:15:29.057] [warning] Couldn't find file 'rclavicle.vtp'.
[2024-07-04 17:15:29.058] [warning] Couldn't find file 'rscapula.vtp'.
[2024-07-04 17:15:29.058] [warning] Couldn't find file 'rhumerus.vtp'.
[2024-07-04 17:15:29.058] [warning] Couldn't find file 'rulna.vtp'.
[2024-07-04 17:15:29.058] [warning] Couldn't find file 'rradius.vtp'.
[2024-07-04 17:15:29.058] [warning] Couldn't find file 'r_hand.vtp'.
[2024-07-04 17:15:29.060] [info] Set log level to Trace.
[2024-07-04 17:16:24.409] [info] Loaded model Right-scaled from file C:\Users\r03mm22\Documents\Protocol_Testing\2024 Data Collection\P11\OMC\das3_scaled_and_placed.osim
[2024-07-04 17:16:24.410] [warning] Couldn't find file 'ground_ribs.vtp'.
[2024-07-04 17:16:24.410] [warning] Couldn't find file 'ground_spine.vtp'.
[2024-07-04 17:16:24.410] [warning] Couldn't find file 'ground_skull.vtp'.
[2024-07-04 17:16:24.410] [warning] Couldn't find file 'ground_jaw.vtp'.
[2024-07-04 17:16:24.410] [warning] Couldn't find file 'rclavicle.vtp'.
[2024-07-04 17:16:24.410] [warning] Couldn't find file 'rscapula.vtp'.
[2024-07-04 17:16:24.410] [warning] Couldn't find file 'rhumerus.vtp'.
[2024-07-04 17:16:24.410] [warning] Couldn't find file 'rulna.vtp'.
[2024-07-04 17:16:24.410] [warning] Couldn't find file 'rradius.vtp'.
[2024-07-04 17:16:24.410] [warning] Couldn't find file 'r_hand.vtp'.
