INFO:root:Using IMU type: Perfect, with data from trial: JA_Slow, and optimisation method: rot_noDelta.
INFO:root:Results for Subject P001
INFO:root:OMC FE axis in humerus cluster frame: [ 0.21316045 -0.28939991  0.93315611]
INFO:root:OMC PS axis in forearm cluster frame: [-0.15583624 -0.98777859 -0.00265017]
INFO:root:Opt SD in third DoF (deg): 2.0443129587478377
INFO:root:Opt FE axis in humerus IMU frame: [0.22552514 0.06672174 0.97194991]
INFO:root:Opt PS axis in forearm IMU frame: [-0.03524846 -0.99798052  0.0528434 ]
INFO:root:Error between opt_FE and OMC_FE (deg): 20.64891768802828
INFO:root:Error between opt_PS and OMC_PS (deg): 7.633743166847454
INFO:root:Results for Subject P002
INFO:root:OMC FE axis in humerus cluster frame: [ 0.22175714 -0.15418379  0.96281937]
INFO:root:OMC PS axis in forearm cluster frame: [-0.17181603 -0.98500649  0.01549069]
INFO:root:Opt SD in third DoF (deg): 2.316161210327301
INFO:root:Opt FE axis in humerus IMU frame: [ 0.31351809 -0.0773445   0.94642709]
INFO:root:Opt PS axis in forearm IMU frame: [-0.07349541 -0.98950682 -0.12439726]
INFO:root:Error between opt_FE and OMC_FE (deg): 6.92569618786915
INFO:root:Error between opt_PS and OMC_PS (deg): 9.812052871498835
INFO:root:Results for Subject P003
INFO:root:OMC FE axis in humerus cluster frame: [-0.09232654 -0.22716363  0.96945474]
INFO:root:OMC PS axis in forearm cluster frame: [-0.18415816 -0.98246574 -0.02907486]
INFO:root:Opt SD in third DoF (deg): 1.4062683032190297
INFO:root:Opt FE axis in humerus IMU frame: [ 0.17712433 -0.19047039  0.96558169]
INFO:root:Opt PS axis in forearm IMU frame: [-0.07943382 -0.99473846 -0.06469671]
INFO:root:Error between opt_FE and OMC_FE (deg): 15.631013836480141
INFO:root:Error between opt_PS and OMC_PS (deg): 6.380069291848207
INFO:root:Results for Subject P004
INFO:root:OMC FE axis in humerus cluster frame: [-0.13786473 -0.25686799  0.95654699]
INFO:root:OMC PS axis in forearm cluster frame: [-0.16632848 -0.98604739 -0.0066244 ]
INFO:root:Opt SD in third DoF (deg): 0.9381468867581346
INFO:root:Opt FE axis in humerus IMU frame: [ 0.01670169 -0.13363884  0.99088935]
INFO:root:Opt PS axis in forearm IMU frame: [-0.08613194 -0.99595713 -0.02550868]
INFO:root:Error between opt_FE and OMC_FE (deg): 11.5151657332548
INFO:root:Error between opt_PS and OMC_PS (deg): 4.7559861200637075
INFO:root:Results for Subject P005
INFO:root:OMC FE axis in humerus cluster frame: [-0.13908254 -0.23058285  0.963046  ]
INFO:root:OMC PS axis in forearm cluster frame: [-0.18971035 -0.98094633 -0.04186613]
INFO:root:Opt SD in third DoF (deg): 1.8581363307510623
INFO:root:Opt FE axis in humerus IMU frame: [ 0.08221302 -0.33537298  0.93849133]
INFO:root:Opt PS axis in forearm IMU frame: [-0.04505562 -0.99798891 -0.04458847]
INFO:root:Error between opt_FE and OMC_FE (deg): 14.135301593858665
INFO:root:Error between opt_PS and OMC_PS (deg): 8.354288379480826
INFO:root:Results for Subject P006
INFO:root:OMC FE axis in humerus cluster frame: [ 0.1001554  -0.20459231  0.97369445]
INFO:root:OMC PS axis in forearm cluster frame: [-0.18034175 -0.9835575  -0.00948651]
INFO:root:Opt SD in third DoF (deg): 2.199372595589143
INFO:root:Opt FE axis in humerus IMU frame: [ 0.15711759 -0.11863177  0.98042877]
INFO:root:Opt PS axis in forearm IMU frame: [-0.07982933 -0.99439095 -0.06938237]
INFO:root:Error between opt_FE and OMC_FE (deg): 5.923655917954034
INFO:root:Error between opt_PS and OMC_PS (deg): 6.736471164802511
INFO:root:Results for Subject P007
INFO:root:OMC FE axis in humerus cluster frame: [ 0.11883946 -0.12967273  0.98439431]
INFO:root:OMC PS axis in forearm cluster frame: [-0.20105759 -0.97611692 -0.08228064]
INFO:root:Opt SD in third DoF (deg): 2.116634318270052
INFO:root:Opt FE axis in humerus IMU frame: [ 0.28989185 -0.16923972  0.94197698]
INFO:root:Opt PS axis in forearm IMU frame: [-0.16174229 -0.96863992 -0.18861638]
INFO:root:Error between opt_FE and OMC_FE (deg): 10.36297874465043
INFO:root:Error between opt_PS and OMC_PS (deg): 6.513300116426266
INFO:root:Results for Subject P008
INFO:root:OMC FE axis in humerus cluster frame: [ 0.44756355 -0.16637519  0.87862174]
INFO:root:OMC PS axis in forearm cluster frame: [-0.19405331 -0.98076353 -0.02108834]
INFO:root:Opt SD in third DoF (deg): 3.622602217750231
INFO:root:Opt FE axis in humerus IMU frame: [0.28469361 0.06750492 0.95623879]
INFO:root:Opt PS axis in forearm IMU frame: [-0.08917417 -0.98494641  0.14808286]
INFO:root:Error between opt_FE and OMC_FE (deg): 16.986448102576592
INFO:root:Error between opt_PS and OMC_PS (deg): 11.42582844523449
INFO:root:Results for Subject P009
INFO:root:OMC FE axis in humerus cluster frame: [ 0.052587   -0.13359318  0.98962491]
INFO:root:OMC PS axis in forearm cluster frame: [-0.22162863 -0.97505248 -0.01232504]
INFO:root:Opt SD in third DoF (deg): 2.7126298146154326
INFO:root:Opt FE axis in humerus IMU frame: [-0.12426893  0.06817925  0.98990344]
INFO:root:Opt PS axis in forearm IMU frame: [-0.08971465 -0.99368578 -0.06737842]
INFO:root:Error between opt_FE and OMC_FE (deg): 15.419632166790114
INFO:root:Error between opt_PS and OMC_PS (deg): 8.26638758769214
INFO:root:Results for Subject P010
INFO:root:OMC FE axis in humerus cluster frame: [-0.22743327 -0.17844257  0.95728907]
INFO:root:OMC PS axis in forearm cluster frame: [-0.19555461 -0.9734716  -0.11878522]
INFO:root:Opt SD in third DoF (deg): 3.6920516782893773
INFO:root:Opt FE axis in humerus IMU frame: [-0.40058272  0.05534389  0.91458763]
INFO:root:Opt PS axis in forearm IMU frame: [-0.05612235 -0.9908746  -0.12254713]
INFO:root:Error between opt_FE and OMC_FE (deg): 16.90874065302924
INFO:root:Error between opt_PS and OMC_PS (deg): 8.060399541049216
INFO:root:Results for Subject P011
INFO:root:OMC FE axis in humerus cluster frame: [ 0.09891676 -0.23342353  0.96731532]
INFO:root:OMC PS axis in forearm cluster frame: [-0.16109927 -0.98618772 -0.0384616 ]
INFO:root:Opt SD in third DoF (deg): 4.388942103357874
INFO:root:Opt FE axis in humerus IMU frame: [ 0.52239066 -0.20022365  0.82886578]
INFO:root:Opt PS axis in forearm IMU frame: [-0.07154009 -0.99674044 -0.03728945]
INFO:root:Error between opt_FE and OMC_FE (deg): 25.815871350008067
INFO:root:Error between opt_PS and OMC_PS (deg): 5.1690525495644595
INFO:root:Results for Subject P012
INFO:root:OMC FE axis in humerus cluster frame: [-0.12028726 -0.09464839  0.98820173]
INFO:root:OMC PS axis in forearm cluster frame: [-0.17051157 -0.98312435 -0.06626321]
INFO:root:Opt SD in third DoF (deg): 1.3443594419732605
INFO:root:Opt FE axis in humerus IMU frame: [ 0.1225005  -0.20598735  0.97085675]
INFO:root:Opt PS axis in forearm IMU frame: [-0.03216944 -0.99890045 -0.03410303]
INFO:root:Error between opt_FE and OMC_FE (deg): 15.382189336578744
INFO:root:Error between opt_PS and OMC_PS (deg): 8.194812894009058
INFO:root:Results for Subject P013
INFO:root:OMC FE axis in humerus cluster frame: [ 0.22987212 -0.16546229  0.95903652]
INFO:root:OMC PS axis in forearm cluster frame: [-0.15361501 -0.98679161 -0.0514124 ]
INFO:root:Opt SD in third DoF (deg): 1.87059325170879
INFO:root:Opt FE axis in humerus IMU frame: [0.362924   0.02473596 0.93149037]
INFO:root:Opt PS axis in forearm IMU frame: [-0.07748209 -0.99439634 -0.07191965]
INFO:root:Error between opt_FE and OMC_FE (deg): 13.423410722182616
INFO:root:Error between opt_PS and OMC_PS (deg): 4.539723969141611
INFO:root:Results for Subject P014
INFO:root:OMC FE axis in humerus cluster frame: [-0.07832425 -0.13672648  0.98749237]
INFO:root:OMC PS axis in forearm cluster frame: [-0.15373755 -0.98660452 -0.05454161]
INFO:root:Opt SD in third DoF (deg): 2.83179642764531
INFO:root:Opt FE axis in humerus IMU frame: [-0.04559162  0.00024107  0.99896013]
INFO:root:Opt PS axis in forearm IMU frame: [-0.15907172 -0.98141918 -0.10729673]
INFO:root:Error between opt_FE and OMC_FE (deg): 8.102166902862937
INFO:root:Error between opt_PS and OMC_PS (deg): 3.052912460192135
INFO:root:Results for Subject P015
INFO:root:OMC FE axis in humerus cluster frame: [ 0.52085022 -0.12119075  0.84498394]
INFO:root:OMC PS axis in forearm cluster frame: [-0.21550032 -0.97648785 -0.00543974]
INFO:root:Opt SD in third DoF (deg): 3.8732718845257845
INFO:root:Opt FE axis in humerus IMU frame: [ 0.45868389 -0.0200123   0.88837413]
INFO:root:Opt PS axis in forearm IMU frame: [-0.10097586 -0.99412349  0.03901734]
INFO:root:Error between opt_FE and OMC_FE (deg): 7.248769307459644
INFO:root:Error between opt_PS and OMC_PS (deg): 7.115555160793465
INFO:root:Results for Subject P016
INFO:root:OMC FE axis in humerus cluster frame: [ 0.06778297 -0.13974094  0.98785016]
INFO:root:OMC PS axis in forearm cluster frame: [-0.19256355 -0.98127579  0.00395011]
INFO:root:Opt SD in third DoF (deg): 4.942042951134892
INFO:root:Opt FE axis in humerus IMU frame: [0.08198934 0.08899902 0.99265146]
INFO:root:Opt PS axis in forearm IMU frame: [-0.10065277 -0.99491373 -0.00395989]
INFO:root:Error between opt_FE and OMC_FE (deg): 13.162994783143612
INFO:root:Error between opt_PS and OMC_PS (deg): 5.3449528311572925
INFO:root:Results for Subject P017
INFO:root:OMC FE axis in humerus cluster frame: [ 0.30416303 -0.14399233  0.94165867]
INFO:root:OMC PS axis in forearm cluster frame: [-0.15180358 -0.98589388 -0.07047999]
INFO:root:Opt SD in third DoF (deg): 0.7043587762779554
INFO:root:Opt FE axis in humerus IMU frame: [ 0.43170288 -0.04861608  0.90070478]
INFO:root:Opt PS axis in forearm IMU frame: [-0.05263226 -0.99210208 -0.11385654]
INFO:root:Error between opt_FE and OMC_FE (deg): 9.432393264810951
INFO:root:Error between opt_PS and OMC_PS (deg): 6.215089277650212
INFO:root:Results for Subject P018
INFO:root:OMC FE axis in humerus cluster frame: [ 0.01738456 -0.13814487  0.9902443 ]
INFO:root:OMC PS axis in forearm cluster frame: [-0.15176629 -0.98819881 -0.02070272]
INFO:root:Opt SD in third DoF (deg): 4.308991703535985
INFO:root:Opt FE axis in humerus IMU frame: [ 0.18348381 -0.12503072  0.97503898]
INFO:root:Opt PS axis in forearm IMU frame: [-0.09508745 -0.99463964  0.04062462]
INFO:root:Error between opt_FE and OMC_FE (deg): 9.597360845667454
INFO:root:Error between opt_PS and OMC_PS (deg): 4.800253855498059
INFO:root:Results for Subject P019
INFO:root:OMC FE axis in humerus cluster frame: [ 0.07444413 -0.18394961  0.98009725]
INFO:root:OMC PS axis in forearm cluster frame: [-0.10690635 -0.99309648  0.04825888]
INFO:root:Opt SD in third DoF (deg): 2.351579196497494
INFO:root:Opt FE axis in humerus IMU frame: [ 0.0710342  -0.20548069  0.97607983]
INFO:root:Opt PS axis in forearm IMU frame: [-0.07775558 -0.9961791   0.03976524]
INFO:root:Error between opt_FE and OMC_FE (deg): 1.2700829199756476
INFO:root:Error between opt_PS and OMC_PS (deg): 1.748680654692275
INFO:root:Results for Subject P020
INFO:root:OMC FE axis in humerus cluster frame: [-0.12915959 -0.11520763  0.9848934 ]
INFO:root:OMC PS axis in forearm cluster frame: [-0.22513409 -0.97418079 -0.01687992]
INFO:root:Opt SD in third DoF (deg): 1.8080190668151708
INFO:root:Opt FE axis in humerus IMU frame: [-0.00418361 -0.09400573  0.99556287]
INFO:root:Opt PS axis in forearm IMU frame: [-0.05210847 -0.99678705 -0.06082995]
INFO:root:Error between opt_FE and OMC_FE (deg): 7.293567297240323
INFO:root:Error between opt_PS and OMC_PS (deg): 10.324103700041665
