INFO:root:Using IMU type: Real, with data from trial: JA_Slow, and optimisation method: rot.
INFO:root:Results for Subject P1
INFO:root:OMC FE axis in humerus cluster frame: [ 0.10579772 -0.32176158  0.9408753 ]
INFO:root:OMC PS axis in forearm cluster frame: [-0.17304521 -0.98461158 -0.02436988]
INFO:root:Opt FE axis in humerus IMU frame: [-0.1671598   0.18482321 -0.96845133]
INFO:root:Opt PS axis in forearm IMU frame: [0.06459368 0.99593035 0.06285225]
INFO:root:Opt heading offset: 7.435291246815294
INFO:root:Opt SD in third DoF: 3.697830538940493
INFO:root:Error between opt_FE and OMC_FE (deg): 8.750231746141296
INFO:root:Error between opt_PS and OMC_PS (deg): 6.628920317850162
INFO:root:Results for Subject P2
INFO:root:OMC FE axis in humerus cluster frame: [ 0.00468547 -0.21570951  0.97643098]
INFO:root:OMC PS axis in forearm cluster frame: [-0.30422862 -0.95249196 -0.01423027]
INFO:root:Opt FE axis in humerus IMU frame: [-0.05719845 -0.32305544  0.94464994]
INFO:root:Opt PS axis in forearm IMU frame: [0.00715925 0.99554436 0.09402221]
INFO:root:Opt heading offset: 16.078568898098116
INFO:root:Opt SD in third DoF: 8.229656769851292
INFO:root:Error between opt_FE and OMC_FE (deg): 7.334175252026797
INFO:root:Error between opt_PS and OMC_PS (deg): 17.868222227971835
INFO:root:Results for Subject P3
INFO:root:OMC FE axis in humerus cluster frame: [-0.09232654 -0.22716363  0.96945474]
INFO:root:OMC PS axis in forearm cluster frame: [-0.18415816 -0.98246574 -0.02907486]
INFO:root:Opt FE axis in humerus IMU frame: [ 0.09839171 -0.29345695  0.95089541]
INFO:root:Opt PS axis in forearm IMU frame: [0.09913269 0.99093025 0.09071906]
INFO:root:Opt heading offset: 7.669462144663425
INFO:root:Opt SD in third DoF: 3.5026198421227903
INFO:root:Error between opt_FE and OMC_FE (deg): 11.637527170452856
INFO:root:Error between opt_PS and OMC_PS (deg): 6.03955076292683
INFO:root:Results for Subject P4
INFO:root:OMC FE axis in humerus cluster frame: [-0.13786473 -0.25686799  0.95654699]
INFO:root:OMC PS axis in forearm cluster frame: [-0.16632848 -0.98604739 -0.0066244 ]
INFO:root:Opt FE axis in humerus IMU frame: [ 0.21274866  0.55154342 -0.80655928]
INFO:root:Opt PS axis in forearm IMU frame: [-0.1059125  -0.9933671  -0.04476996]
INFO:root:Opt heading offset: 29.111382578912238
INFO:root:Opt SD in third DoF: 11.677850597833151
INFO:root:Error between opt_FE and OMC_FE (deg): 19.51906365412171
INFO:root:Error between opt_PS and OMC_PS (deg): 4.1161250405009
INFO:root:Results for Subject P5
INFO:root:OMC FE axis in humerus cluster frame: [-0.13908254 -0.23058285  0.963046  ]
INFO:root:OMC PS axis in forearm cluster frame: [-0.18971035 -0.98094633 -0.04186613]
INFO:root:Opt FE axis in humerus IMU frame: [ 0.07309044  0.30035249 -0.95102375]
INFO:root:Opt PS axis in forearm IMU frame: [0.07423964 0.99503856 0.06623246]
INFO:root:Opt heading offset: 1.0905808923102
INFO:root:Opt SD in third DoF: 3.380007395047974
INFO:root:Error between opt_FE and OMC_FE (deg): 5.54756767941136
INFO:root:Error between opt_PS and OMC_PS (deg): 6.813734458237707
INFO:root:Results for Subject P6
INFO:root:OMC FE axis in humerus cluster frame: [ 0.06464167 -0.17367757  0.9826635 ]
INFO:root:OMC PS axis in forearm cluster frame: [-0.13844874 -0.99027869 -0.0133623 ]
INFO:root:Opt FE axis in humerus IMU frame: [-0.00911261  0.33887346 -0.94078783]
INFO:root:Opt PS axis in forearm IMU frame: [0.11879441 0.99015858 0.07398561]
INFO:root:Opt heading offset: 12.225979547205483
INFO:root:Opt SD in third DoF: 6.043573259248971
INFO:root:Error between opt_FE and OMC_FE (deg): 10.283530648969384
INFO:root:Error between opt_PS and OMC_PS (deg): 3.652070453397623
INFO:root:Results for Subject P7
INFO:root:OMC FE axis in humerus cluster frame: [ 0.3410771  -0.13115719  0.93082448]
INFO:root:OMC PS axis in forearm cluster frame: [-0.13660867 -0.98378755 -0.11618361]
INFO:root:Opt FE axis in humerus IMU frame: [-0.19453149  0.37960069 -0.90446715]
INFO:root:Opt PS axis in forearm IMU frame: [0.12804271 0.98849686 0.08049235]
INFO:root:Opt heading offset: 18.553296620316654
INFO:root:Opt SD in third DoF: 7.40609923453367
INFO:root:Error between opt_FE and OMC_FE (deg): 16.65415395986609
INFO:root:Error between opt_PS and OMC_PS (deg): 2.1203906135376904
INFO:root:Results for Subject P8
INFO:root:OMC FE axis in humerus cluster frame: [ 0.1001554  -0.20459231  0.97369445]
INFO:root:OMC PS axis in forearm cluster frame: [-0.18034175 -0.9835575  -0.00948651]
INFO:root:Opt FE axis in humerus IMU frame: [-0.07204769  0.16416938 -0.98379751]
INFO:root:Opt PS axis in forearm IMU frame: [0.07643536 0.99615403 0.04283439]
INFO:root:Opt heading offset: 2.2833691707187396
INFO:root:Opt SD in third DoF: 1.8781653483307947
INFO:root:Error between opt_FE and OMC_FE (deg): 2.8800452095422227
INFO:root:Error between opt_PS and OMC_PS (deg): 6.2971830499045724
INFO:root:Results for Subject P9
INFO:root:OMC FE axis in humerus cluster frame: [ 0.11883946 -0.12967273  0.98439431]
INFO:root:OMC PS axis in forearm cluster frame: [-0.20105759 -0.97611692 -0.08228064]
INFO:root:Opt FE axis in humerus IMU frame: [-0.13597363  0.3257034  -0.93564334]
INFO:root:Opt PS axis in forearm IMU frame: [0.13593359 0.97209081 0.19121066]
INFO:root:Opt heading offset: 13.427147546708085
INFO:root:Opt SD in third DoF: 5.4182983429509
INFO:root:Error between opt_FE and OMC_FE (deg): 11.635475697213895
INFO:root:Error between opt_PS and OMC_PS (deg): 7.280130857487755
INFO:root:Results for Subject P10
INFO:root:OMC FE axis in humerus cluster frame: [ 0.44756355 -0.16637519  0.87862174]
INFO:root:OMC PS axis in forearm cluster frame: [-0.19405331 -0.98076353 -0.02108834]
INFO:root:Opt FE axis in humerus IMU frame: [ 0.09383673 -0.7426003   0.66312854]
INFO:root:Opt PS axis in forearm IMU frame: [ 0.05115702  0.99798297 -0.03758932]
INFO:root:Opt heading offset: 50.5883585386747
INFO:root:Opt SD in third DoF: 19.404060239842416
INFO:root:Error between opt_FE and OMC_FE (deg): 41.56543004067104
INFO:root:Error between opt_PS and OMC_PS (deg): 8.914556637467456
INFO:root:Results for Subject P11
INFO:root:OMC FE axis in humerus cluster frame: [ 0.052587   -0.13359318  0.98962491]
INFO:root:OMC PS axis in forearm cluster frame: [-0.22162863 -0.97505248 -0.01232504]
INFO:root:Opt FE axis in humerus IMU frame: [ 0.33978311  0.51904741 -0.78430685]
INFO:root:Opt PS axis in forearm IMU frame: [0.11436651 0.9897937  0.085022  ]
INFO:root:Opt heading offset: 35.518892321186485
INFO:root:Opt SD in third DoF: 18.529117997607386
INFO:root:Error between opt_FE and OMC_FE (deg): 34.14139905955818
INFO:root:Error between opt_PS and OMC_PS (deg): 7.477370524176365
INFO:root:Results for Subject P12
INFO:root:OMC FE axis in humerus cluster frame: [ 0.01833044 -0.19370891  0.9808725 ]
INFO:root:OMC PS axis in forearm cluster frame: [-0.12353935 -0.98989421 -0.06961304]
INFO:root:Opt FE axis in humerus IMU frame: [-0.47761633  0.81876297 -0.3186061 ]
INFO:root:Opt PS axis in forearm IMU frame: [0.08568889 0.99403375 0.06748574]
INFO:root:Opt heading offset: 126.90345800263373
INFO:root:Opt SD in third DoF: 16.72886774121983
INFO:root:Error between opt_FE and OMC_FE (deg): 61.32271221637594
INFO:root:Error between opt_PS and OMC_PS (deg): 2.185138061050264
INFO:root:Results for Subject P13
INFO:root:OMC FE axis in humerus cluster frame: [-0.22743327 -0.17844257  0.95728907]
INFO:root:OMC PS axis in forearm cluster frame: [-0.19555461 -0.9734716  -0.11878522]
INFO:root:Opt FE axis in humerus IMU frame: [ 0.25379346 -0.94273724  0.21641484]
INFO:root:Opt PS axis in forearm IMU frame: [-0.01309787  0.99510008  0.0980014 ]
INFO:root:Opt heading offset: 96.36007947704609
INFO:root:Opt SD in third DoF: 21.758193996953807
INFO:root:Error between opt_FE and OMC_FE (deg): 71.47733887051415
INFO:root:Error between opt_PS and OMC_PS (deg): 12.100290183152186
INFO:root:Results for Subject P14
INFO:root:OMC FE axis in humerus cluster frame: [ 0.09891676 -0.23342353  0.96731532]
INFO:root:OMC PS axis in forearm cluster frame: [-0.16109927 -0.98618772 -0.0384616 ]
INFO:root:Opt FE axis in humerus IMU frame: [ 0.26890721 -0.75363235  0.59977262]
INFO:root:Opt PS axis in forearm IMU frame: [0.07024095 0.99682549 0.03748542]
INFO:root:Opt heading offset: 37.32855050756799
INFO:root:Opt SD in third DoF: 16.0567028493753
INFO:root:Error between opt_FE and OMC_FE (deg): 38.49191970113912
INFO:root:Error between opt_PS and OMC_PS (deg): 5.243486769464838
INFO:root:Results for Subject P15
INFO:root:OMC FE axis in humerus cluster frame: [-0.12028726 -0.09464839  0.98820173]
INFO:root:OMC PS axis in forearm cluster frame: [-0.17051157 -0.98312435 -0.06626321]
INFO:root:Opt FE axis in humerus IMU frame: [ 0.1062833   0.86660931 -0.48753683]
INFO:root:Opt PS axis in forearm IMU frame: [0.01576784 0.99897484 0.04243399]
INFO:root:Opt heading offset: 53.34655160435945
INFO:root:Opt SD in third DoF: 22.92890312744763
INFO:root:Error between opt_FE and OMC_FE (deg): 54.78816523709041
INFO:root:Error between opt_PS and OMC_PS (deg): 9.025855937960316
INFO:root:Results for Subject P16
INFO:root:OMC FE axis in humerus cluster frame: [ 0.22987212 -0.16546229  0.95903652]
INFO:root:OMC PS axis in forearm cluster frame: [-0.15361501 -0.98679161 -0.0514124 ]
INFO:root:Opt FE axis in humerus IMU frame: [-0.2291834   0.42189484 -0.87719993]
INFO:root:Opt PS axis in forearm IMU frame: [0.07792444 0.99350465 0.08292345]
INFO:root:Opt heading offset: 27.190919784916247
INFO:root:Opt SD in third DoF: 11.696354795652603
INFO:root:Error between opt_FE and OMC_FE (deg): 15.469670813223814
INFO:root:Error between opt_PS and OMC_PS (deg): 4.7146100732490535
INFO:root:Results for Subject P17
INFO:root:OMC FE axis in humerus cluster frame: [-0.07832425 -0.13672648  0.98749237]
INFO:root:OMC PS axis in forearm cluster frame: [-0.15373755 -0.98660452 -0.05454161]
INFO:root:Opt FE axis in humerus IMU frame: [-0.17676849 -0.02972087  0.98380362]
INFO:root:Opt PS axis in forearm IMU frame: [0.17168597 0.98242366 0.07326449]
INFO:root:Opt heading offset: 3.394701154606718
INFO:root:Opt SD in third DoF: 3.0884222176096956
INFO:root:Error between opt_FE and OMC_FE (deg): 8.340973859774472
INFO:root:Error between opt_PS and OMC_PS (deg): 1.5052678568298847
INFO:root:Results for Subject P18
INFO:root:OMC FE axis in humerus cluster frame: [ 0.52085022 -0.12119075  0.84498394]
INFO:root:OMC PS axis in forearm cluster frame: [-0.21550032 -0.97648785 -0.00543974]
INFO:root:Opt FE axis in humerus IMU frame: [ 0.09771091 -0.94662011 -0.30718553]
INFO:root:Opt PS axis in forearm IMU frame: [0.07792675 0.99691363 0.00952038]
INFO:root:Opt heading offset: 79.87643003700548
INFO:root:Opt SD in third DoF: 26.8999140237019
INFO:root:Error between opt_FE and OMC_FE (deg): 84.60888700047067
INFO:root:Error between opt_PS and OMC_PS (deg): 7.97866740490995
INFO:root:Results for Subject P19
INFO:root:OMC FE axis in humerus cluster frame: [ 0.06778297 -0.13974094  0.98785016]
INFO:root:OMC PS axis in forearm cluster frame: [-0.19256355 -0.98127579  0.00395011]
INFO:root:Opt FE axis in humerus IMU frame: [ 0.10532232  0.84863454 -0.51838849]
INFO:root:Opt PS axis in forearm IMU frame: [0.11519443 0.99285529 0.03112256]
INFO:root:Opt heading offset: 56.81205153563434
INFO:root:Opt SD in third DoF: 26.13116102274796
INFO:root:Error between opt_FE and OMC_FE (deg): 51.42420078224057
INFO:root:Error between opt_PS and OMC_PS (deg): 4.913650383149786
INFO:root:Results for Subject P20
INFO:root:OMC FE axis in humerus cluster frame: [ 0.30416303 -0.14399233  0.94165867]
INFO:root:OMC PS axis in forearm cluster frame: [-0.15180358 -0.98589388 -0.07047999]
INFO:root:Opt FE axis in humerus IMU frame: [-0.24187943  0.56580913 -0.78826034]
INFO:root:Opt PS axis in forearm IMU frame: [0.08196771 0.9893152  0.12056832]
INFO:root:Opt heading offset: 34.2685459995558
INFO:root:Opt SD in third DoF: 11.90048733105522
INFO:root:Error between opt_FE and OMC_FE (deg): 26.190883602338545
INFO:root:Error between opt_PS and OMC_PS (deg): 4.929489983802398
INFO:root:Results for Subject P21
INFO:root:OMC FE axis in humerus cluster frame: [-0.15476092 -0.07417002  0.98514865]
INFO:root:OMC PS axis in forearm cluster frame: [ 0.01646021 -0.98429643 -0.17575012]
INFO:root:Opt FE axis in humerus IMU frame: [-0.27574003  0.71400403 -0.64355706]
INFO:root:Opt PS axis in forearm IMU frame: [0.13656626 0.9893126  0.05109051]
INFO:root:Opt heading offset: 43.35764404099485
INFO:root:Opt SD in third DoF: 22.538491059505432
INFO:root:Error between opt_FE and OMC_FE (deg): 49.887316893922346
INFO:root:Error between opt_PS and OMC_PS (deg): 11.330898818867826
INFO:root:Results for Subject P22
INFO:root:OMC FE axis in humerus cluster frame: [ 0.01738456 -0.13814487  0.9902443 ]
INFO:root:OMC PS axis in forearm cluster frame: [-0.15176629 -0.98819881 -0.02070272]
INFO:root:Opt FE axis in humerus IMU frame: [ 0.11138904 -0.39173323  0.91331132]
INFO:root:Opt PS axis in forearm IMU frame: [ 0.12028884  0.99233419 -0.02834526]
INFO:root:Opt heading offset: 15.010131686237616
INFO:root:Opt SD in third DoF: 6.5788100761471915
INFO:root:Error between opt_FE and OMC_FE (deg): 16.164139173132543
INFO:root:Error between opt_PS and OMC_PS (deg): 3.348059692227708
INFO:root:Using IMU type: Real, with data from trial: JA_Slow, and optimisation method: ori.
INFO:root:Results for Subject P1
INFO:root:OMC FE axis in humerus cluster frame: [ 0.10579772 -0.32176158  0.9408753 ]
INFO:root:OMC PS axis in forearm cluster frame: [-0.17304521 -0.98461158 -0.02436988]
INFO:root:Opt FE axis in humerus IMU frame: [ 0.21807359 -0.1453414   0.96504911]
INFO:root:Opt PS axis in forearm IMU frame: [-0.05498446 -0.98707418 -0.15053661]
INFO:root:Opt heading offset: 3.9073077165457635
INFO:root:Opt SD in third DoF: 2.0921665328962034
INFO:root:Error between opt_FE and OMC_FE (deg): 12.083789289834494
INFO:root:Error between opt_PS and OMC_PS (deg): 9.913508005932947
INFO:root:Results for Subject P2
INFO:root:OMC FE axis in humerus cluster frame: [ 0.00468547 -0.21570951  0.97643098]
INFO:root:OMC PS axis in forearm cluster frame: [-0.30422862 -0.95249196 -0.01423027]
INFO:root:Opt FE axis in humerus IMU frame: [ 0.0134551   0.25195699 -0.96764489]
INFO:root:Opt PS axis in forearm IMU frame: [0.00750402 0.99189587 0.12683169]
INFO:root:Opt heading offset: 11.208019257715481
INFO:root:Opt SD in third DoF: 5.780158651062528
INFO:root:Error between opt_FE and OMC_FE (deg): 2.376516704419611
INFO:root:Error between opt_PS and OMC_PS (deg): 18.40266262387893
INFO:root:Results for Subject P3
INFO:root:OMC FE axis in humerus cluster frame: [-0.09232654 -0.22716363  0.96945474]
INFO:root:OMC PS axis in forearm cluster frame: [-0.18415816 -0.98246574 -0.02907486]
INFO:root:Opt FE axis in humerus IMU frame: [-0.10118652  0.25779219 -0.96088734]
INFO:root:Opt PS axis in forearm IMU frame: [0.10936406 0.99252512 0.05416078]
INFO:root:Opt heading offset: 5.1328012871031685
INFO:root:Opt SD in third DoF: 2.7620822189957237
INFO:root:Error between opt_FE and OMC_FE (deg): 11.25439731567375
INFO:root:Error between opt_PS and OMC_PS (deg): 4.557803375219538
INFO:root:Results for Subject P4
INFO:root:OMC FE axis in humerus cluster frame: [-0.13786473 -0.25686799  0.95654699]
INFO:root:OMC PS axis in forearm cluster frame: [-0.16632848 -0.98604739 -0.0066244 ]
INFO:root:Opt FE axis in humerus IMU frame: [ 0.14710173 -0.64547898 -0.74947847]
INFO:root:Opt PS axis in forearm IMU frame: [ 0.06041803  0.99756988 -0.03469868]
INFO:root:Opt heading offset: 45.3479600055572
INFO:root:Opt SD in third DoF: 17.042333113184565
INFO:root:Error between opt_FE and OMC_FE (deg): 55.152285664335665
INFO:root:Error between opt_PS and OMC_PS (deg): 6.550697185128795
INFO:root:Results for Subject P5
INFO:root:OMC FE axis in humerus cluster frame: [-0.13908254 -0.23058285  0.963046  ]
INFO:root:OMC PS axis in forearm cluster frame: [-0.18971035 -0.98094633 -0.04186613]
INFO:root:Opt FE axis in humerus IMU frame: [ 0.10139336  0.54304697 -0.83355826]
INFO:root:Opt PS axis in forearm IMU frame: [0.08333464 0.98438321 0.15506463]
INFO:root:Opt heading offset: 16.700744018568326
INFO:root:Opt SD in third DoF: 6.461495497865835
INFO:root:Error between opt_FE and OMC_FE (deg): 19.594705888953595
INFO:root:Error between opt_PS and OMC_PS (deg): 8.911335628469901
INFO:root:Results for Subject P6
INFO:root:OMC FE axis in humerus cluster frame: [ 0.06464167 -0.17367757  0.9826635 ]
INFO:root:OMC PS axis in forearm cluster frame: [-0.13844874 -0.99027869 -0.0133623 ]
INFO:root:Opt FE axis in humerus IMU frame: [-0.00319037 -0.02528581 -0.99967517]
INFO:root:Opt PS axis in forearm IMU frame: [0.12393907 0.98954357 0.07377415]
INFO:root:Opt heading offset: 7.063227833455072
INFO:root:Opt SD in third DoF: 3.3375271926189782
INFO:root:Error between opt_FE and OMC_FE (deg): 11.992824525121778
INFO:root:Error between opt_PS and OMC_PS (deg): 3.5606032435688157
INFO:root:Results for Subject P7
INFO:root:OMC FE axis in humerus cluster frame: [ 0.3410771  -0.13115719  0.93082448]
INFO:root:OMC PS axis in forearm cluster frame: [-0.13660867 -0.98378755 -0.11618361]
INFO:root:Opt FE axis in humerus IMU frame: [0.24038242 0.0112097  0.97061354]
INFO:root:Opt PS axis in forearm IMU frame: [-0.12152036 -0.99037983 -0.06618604]
INFO:root:Opt heading offset: 3.6868764832772567
INFO:root:Opt SD in third DoF: 2.072956801407647
INFO:root:Error between opt_FE and OMC_FE (deg): 10.261712796601964
INFO:root:Error between opt_PS and OMC_PS (deg): 3.0163466378095287
INFO:root:Results for Subject P8
INFO:root:OMC FE axis in humerus cluster frame: [ 0.1001554  -0.20459231  0.97369445]
INFO:root:OMC PS axis in forearm cluster frame: [-0.18034175 -0.9835575  -0.00948651]
INFO:root:Opt FE axis in humerus IMU frame: [ 0.08539106 -0.20768403  0.97446175]
INFO:root:Opt PS axis in forearm IMU frame: [0.08421523 0.99528883 0.04804093]
INFO:root:Opt heading offset: 3.93720665609859
INFO:root:Opt SD in third DoF: 2.181523036711042
INFO:root:Error between opt_FE and OMC_FE (deg): 0.8654144112908158
INFO:root:Error between opt_PS and OMC_PS (deg): 5.974780764433199
INFO:root:Results for Subject P9
INFO:root:OMC FE axis in humerus cluster frame: [ 0.11883946 -0.12967273  0.98439431]
INFO:root:OMC PS axis in forearm cluster frame: [-0.20105759 -0.97611692 -0.08228064]
INFO:root:Opt FE axis in humerus IMU frame: [-0.18016427 -0.12326823 -0.97588205]
INFO:root:Opt PS axis in forearm IMU frame: [0.09814859 0.99465712 0.0320011 ]
INFO:root:Opt heading offset: 13.330914844481477
INFO:root:Opt SD in third DoF: 6.215968343454723
INFO:root:Error between opt_FE and OMC_FE (deg): 14.962873731246459
INFO:root:Error between opt_PS and OMC_PS (deg): 6.651537492052425
INFO:root:Results for Subject P10
INFO:root:OMC FE axis in humerus cluster frame: [ 0.44756355 -0.16637519  0.87862174]
INFO:root:OMC PS axis in forearm cluster frame: [-0.19405331 -0.98076353 -0.02108834]
INFO:root:Opt FE axis in humerus IMU frame: [-0.14012237 -0.53795437 -0.83124655]
INFO:root:Opt PS axis in forearm IMU frame: [-0.01619289 -0.99076281  0.13463596]
INFO:root:Opt heading offset: 31.810581969196523
INFO:root:Opt SD in third DoF: 13.063772111068252
INFO:root:Error between opt_FE and OMC_FE (deg): 45.285605983517016
INFO:root:Error between opt_PS and OMC_PS (deg): 13.588593390562403
INFO:root:Results for Subject P11
INFO:root:OMC FE axis in humerus cluster frame: [ 0.052587   -0.13359318  0.98962491]
INFO:root:OMC PS axis in forearm cluster frame: [-0.22162863 -0.97505248 -0.01232504]
INFO:root:Opt FE axis in humerus IMU frame: [-0.36162149 -0.24842017  0.89861967]
INFO:root:Opt PS axis in forearm IMU frame: [0.16312829 0.96519811 0.20440591]
INFO:root:Opt heading offset: 22.952336592036133
INFO:root:Opt SD in third DoF: 11.225798222993758
INFO:root:Error between opt_FE and OMC_FE (deg): 25.38058061558299
INFO:root:Error between opt_PS and OMC_PS (deg): 11.537859136803734
INFO:root:Results for Subject P12
INFO:root:OMC FE axis in humerus cluster frame: [ 0.01833044 -0.19370891  0.9808725 ]
INFO:root:OMC PS axis in forearm cluster frame: [-0.12353935 -0.98989421 -0.06961304]
INFO:root:Opt FE axis in humerus IMU frame: [-0.18739623 -0.71372526  0.67489177]
INFO:root:Opt PS axis in forearm IMU frame: [0.15025609 0.98613278 0.07046459]
INFO:root:Opt heading offset: 55.11337352545594
INFO:root:Opt SD in third DoF: 23.095101127434198
INFO:root:Error between opt_FE and OMC_FE (deg): 37.17301183766447
INFO:root:Error between opt_PS and OMC_PS (deg): 1.546670344488636
INFO:root:Results for Subject P13
INFO:root:OMC FE axis in humerus cluster frame: [-0.22743327 -0.17844257  0.95728907]
INFO:root:OMC PS axis in forearm cluster frame: [-0.19555461 -0.9734716  -0.11878522]
INFO:root:Opt FE axis in humerus IMU frame: [ 0.48405014  0.69609099 -0.53023843]
INFO:root:Opt PS axis in forearm IMU frame: [0.01521267 0.99963861 0.0221638 ]
INFO:root:Opt heading offset: 49.35800313335839
INFO:root:Opt SD in third DoF: 19.680189082013744
INFO:root:Error between opt_FE and OMC_FE (deg): 42.10614317731842
INFO:root:Error between opt_PS and OMC_PS (deg): 11.838942933344553
INFO:root:Results for Subject P14
INFO:root:OMC FE axis in humerus cluster frame: [ 0.09891676 -0.23342353  0.96731532]
INFO:root:OMC PS axis in forearm cluster frame: [-0.16109927 -0.98618772 -0.0384616 ]
INFO:root:Opt FE axis in humerus IMU frame: [-0.3290063  -0.26132346 -0.90744967]
INFO:root:Opt PS axis in forearm IMU frame: [-0.10533309 -0.99404046  0.02808022]
INFO:root:Opt heading offset: 22.80139067779509
INFO:root:Opt SD in third DoF: 11.733172910605719
INFO:root:Error between opt_FE and OMC_FE (deg): 31.8591862025371
INFO:root:Error between opt_PS and OMC_PS (deg): 4.9963000317593345
INFO:root:Results for Subject P15
INFO:root:OMC FE axis in humerus cluster frame: [-0.12028726 -0.09464839  0.98820173]
INFO:root:OMC PS axis in forearm cluster frame: [-0.17051157 -0.98312435 -0.06626321]
INFO:root:Opt FE axis in humerus IMU frame: [ 0.08617431  0.38158349 -0.92030866]
INFO:root:Opt PS axis in forearm IMU frame: [-0.00820619 -0.99898507 -0.04428876]
INFO:root:Opt heading offset: 17.00111074772685
INFO:root:Opt SD in third DoF: 7.872643680576565
INFO:root:Error between opt_FE and OMC_FE (deg): 17.06999230924639
INFO:root:Error between opt_PS and OMC_PS (deg): 9.438828063240491
INFO:root:Results for Subject P16
INFO:root:OMC FE axis in humerus cluster frame: [ 0.22987212 -0.16546229  0.95903652]
INFO:root:OMC PS axis in forearm cluster frame: [-0.15361501 -0.98679161 -0.0514124 ]
INFO:root:Opt FE axis in humerus IMU frame: [ 0.2209924  -0.13146273  0.96637462]
INFO:root:Opt PS axis in forearm IMU frame: [-0.07869188 -0.99574368 -0.04798027]
INFO:root:Opt heading offset: 10.00462833872833
INFO:root:Opt SD in third DoF: 4.751813300787955
INFO:root:Error between opt_FE and OMC_FE (deg): 2.056930637722045
INFO:root:Error between opt_PS and OMC_PS (deg): 4.328814245031342
INFO:root:Results for Subject P17
INFO:root:OMC FE axis in humerus cluster frame: [-0.07832425 -0.13672648  0.98749237]
INFO:root:OMC PS axis in forearm cluster frame: [-0.15373755 -0.98660452 -0.05454161]
INFO:root:Opt FE axis in humerus IMU frame: [-0.16931025  0.33793685  0.92581463]
INFO:root:Opt PS axis in forearm IMU frame: [ 0.1472586   0.98900743 -0.01338676]
INFO:root:Opt heading offset: 15.850588097297585
INFO:root:Opt SD in third DoF: 8.395461300694707
INFO:root:Error between opt_FE and OMC_FE (deg): 28.19989902840028
INFO:root:Error between opt_PS and OMC_PS (deg): 3.9128569588975592
INFO:root:Results for Subject P18
INFO:root:OMC FE axis in humerus cluster frame: [ 0.52085022 -0.12119075  0.84498394]
INFO:root:OMC PS axis in forearm cluster frame: [-0.21550032 -0.97648785 -0.00543974]
INFO:root:Opt FE axis in humerus IMU frame: [0.21616768 0.64799785 0.73032207]
INFO:root:Opt PS axis in forearm IMU frame: [0.10698253 0.98996584 0.09231673]
INFO:root:Opt heading offset: 40.92655116388352
INFO:root:Opt SD in third DoF: 17.43322981004319
INFO:root:Error between opt_FE and OMC_FE (deg): 49.36938574100933
INFO:root:Error between opt_PS and OMC_PS (deg): 8.008544167409488
INFO:root:Results for Subject P19
INFO:root:OMC FE axis in humerus cluster frame: [ 0.06778297 -0.13974094  0.98785016]
INFO:root:OMC PS axis in forearm cluster frame: [-0.19256355 -0.98127579  0.00395011]
INFO:root:Opt FE axis in humerus IMU frame: [-0.05931202 -0.68476486  0.72634646]
INFO:root:Opt PS axis in forearm IMU frame: [ 0.12087511  0.99253703 -0.0161077 ]
INFO:root:Opt heading offset: 43.89966793684016
INFO:root:Opt SD in third DoF: 21.894099336198902
INFO:root:Error between opt_FE and OMC_FE (deg): 35.98187038729628
INFO:root:Error between opt_PS and OMC_PS (deg): 4.216713656581925
INFO:root:Results for Subject P20
INFO:root:OMC FE axis in humerus cluster frame: [ 0.30416303 -0.14399233  0.94165867]
INFO:root:OMC PS axis in forearm cluster frame: [-0.15180358 -0.98589388 -0.07047999]
INFO:root:Opt FE axis in humerus IMU frame: [ 0.31332305 -0.42300698  0.85023159]
INFO:root:Opt PS axis in forearm IMU frame: [0.07125521 0.99137185 0.11002068]
INFO:root:Opt heading offset: 23.27034706843465
INFO:root:Opt SD in third DoF: 8.297858659206815
INFO:root:Error between opt_FE and OMC_FE (deg): 16.892159148079525
INFO:root:Error between opt_PS and OMC_PS (deg): 5.152470459404716
INFO:root:Results for Subject P21
INFO:root:OMC FE axis in humerus cluster frame: [-0.15476092 -0.07417002  0.98514865]
INFO:root:OMC PS axis in forearm cluster frame: [ 0.01646021 -0.98429643 -0.17575012]
INFO:root:Opt FE axis in humerus IMU frame: [-0.36403262  0.53158577 -0.76478548]
INFO:root:Opt PS axis in forearm IMU frame: [ 0.14599321  0.98688084 -0.06893615]
INFO:root:Opt heading offset: 29.104997012452923
INFO:root:Opt SD in third DoF: 17.221349805739038
INFO:root:Error between opt_FE and OMC_FE (deg): 42.563500700811126
INFO:root:Error between opt_PS and OMC_PS (deg): 16.88978685976608
INFO:root:Results for Subject P22
INFO:root:OMC FE axis in humerus cluster frame: [ 0.01738456 -0.13814487  0.9902443 ]
INFO:root:OMC PS axis in forearm cluster frame: [-0.15176629 -0.98819881 -0.02070272]
INFO:root:Opt FE axis in humerus IMU frame: [-0.06888944  0.63718922  0.76762239]
INFO:root:Opt PS axis in forearm IMU frame: [-0.10697889 -0.99021376  0.08962273]
INFO:root:Opt heading offset: 37.31570128430321
INFO:root:Opt SD in third DoF: 15.057335141667567
INFO:root:Error between opt_FE and OMC_FE (deg): 47.861755767974714
INFO:root:Error between opt_PS and OMC_PS (deg): 6.827214332915798
INFO:root:Using IMU type: Real, with data from trial: JA_Slow, and optimisation method: rot_noDelta.
INFO:root:Results for Subject P1
INFO:root:OMC FE axis in humerus cluster frame: [ 0.10579772 -0.32176158  0.9408753 ]
INFO:root:OMC PS axis in forearm cluster frame: [-0.17304521 -0.98461158 -0.02436988]
INFO:root:Opt FE axis in humerus IMU frame: [-0.18355478  0.06671953 -0.98074265]
INFO:root:Opt PS axis in forearm IMU frame: [0.06025135 0.99628768 0.06148687]
INFO:root:Opt SD in third DoF: 2.0065417814326523
INFO:root:Error between opt_FE and OMC_FE (deg): 15.49399678588064
INFO:root:Error between opt_PS and OMC_PS (deg): 6.840403194849829
INFO:root:Results for Subject P2
INFO:root:OMC FE axis in humerus cluster frame: [ 0.00468547 -0.21570951  0.97643098]
INFO:root:OMC PS axis in forearm cluster frame: [-0.30422862 -0.95249196 -0.01423027]
INFO:root:Opt FE axis in humerus IMU frame: [ 0.01752041 -0.05751137  0.9981911 ]
INFO:root:Opt PS axis in forearm IMU frame: [0.00204456 0.99540163 0.09576754]
INFO:root:Opt SD in third DoF: 1.72901497454862
INFO:root:Error between opt_FE and OMC_FE (deg): 9.188849290955536
INFO:root:Error between opt_PS and OMC_PS (deg): 18.17695954726733
INFO:root:Results for Subject P3
INFO:root:OMC FE axis in humerus cluster frame: [-0.09232654 -0.22716363  0.96945474]
INFO:root:OMC PS axis in forearm cluster frame: [-0.18415816 -0.98246574 -0.02907486]
INFO:root:Opt FE axis in humerus IMU frame: [ 0.12918233 -0.17968879  0.97520452]
INFO:root:Opt PS axis in forearm IMU frame: [0.09675051 0.99107466 0.09170802]
INFO:root:Opt SD in third DoF: 1.5546317871904518
INFO:root:Error between opt_FE and OMC_FE (deg): 13.011965475758883
INFO:root:Error between opt_PS and OMC_PS (deg): 6.183813643229135
INFO:root:Results for Subject P4
INFO:root:OMC FE axis in humerus cluster frame: [-0.13786473 -0.25686799  0.95654699]
INFO:root:OMC PS axis in forearm cluster frame: [-0.16632848 -0.98604739 -0.0066244 ]
INFO:root:Opt FE axis in humerus IMU frame: [ 0.16040802  0.08431701 -0.98344289]
INFO:root:Opt PS axis in forearm IMU frame: [0.09104079 0.99483165 0.04496177]
INFO:root:Opt SD in third DoF: 2.0240712320097463
INFO:root:Error between opt_FE and OMC_FE (deg): 10.102001753257698
INFO:root:Error between opt_PS and OMC_PS (deg): 4.86828747850766
INFO:root:Results for Subject P5
INFO:root:OMC FE axis in humerus cluster frame: [-0.13908254 -0.23058285  0.963046  ]
INFO:root:OMC PS axis in forearm cluster frame: [-0.18971035 -0.98094633 -0.04186613]
INFO:root:Opt FE axis in humerus IMU frame: [ 0.06879287  0.283871   -0.95639155]
INFO:root:Opt PS axis in forearm IMU frame: [0.07414585 0.99503519 0.06638803]
INFO:root:Opt SD in third DoF: 3.2598238215048454
INFO:root:Error between opt_FE and OMC_FE (deg): 5.0698739938132125
INFO:root:Error between opt_PS and OMC_PS (deg): 6.820776128160816
INFO:root:Results for Subject P6
INFO:root:OMC FE axis in humerus cluster frame: [ 0.06464167 -0.17367757  0.9826635 ]
INFO:root:OMC PS axis in forearm cluster frame: [-0.13844874 -0.99027869 -0.0133623 ]
INFO:root:Opt FE axis in humerus IMU frame: [ 0.0163888  -0.12383241  0.9921678 ]
INFO:root:Opt PS axis in forearm IMU frame: [0.11265234 0.99051414 0.07868412]
INFO:root:Opt SD in third DoF: 2.8870865475194685
INFO:root:Error between opt_FE and OMC_FE (deg): 4.01286858557061
INFO:root:Error between opt_PS and OMC_PS (deg): 4.024791835242376
INFO:root:Results for Subject P7
INFO:root:OMC FE axis in humerus cluster frame: [ 0.3410771  -0.13115719  0.93082448]
INFO:root:OMC PS axis in forearm cluster frame: [-0.13660867 -0.98378755 -0.11618361]
INFO:root:Opt FE axis in humerus IMU frame: [ 0.2322488  -0.06176997  0.97069303]
INFO:root:Opt PS axis in forearm IMU frame: [0.12376018 0.98886719 0.08261421]
INFO:root:Opt SD in third DoF: 1.4210019913115266
INFO:root:Error between opt_FE and OMC_FE (deg): 7.745697605876156
INFO:root:Error between opt_PS and OMC_PS (deg): 2.080031816926125
INFO:root:Results for Subject P8
INFO:root:OMC FE axis in humerus cluster frame: [ 0.1001554  -0.20459231  0.97369445]
INFO:root:OMC PS axis in forearm cluster frame: [-0.18034175 -0.9835575  -0.00948651]
INFO:root:Opt FE axis in humerus IMU frame: [ 0.07785861 -0.12869013  0.98862373]
INFO:root:Opt PS axis in forearm IMU frame: [0.07581611 0.99618706 0.04316558]
INFO:root:Opt SD in third DoF: 1.7152175976166582
INFO:root:Error between opt_FE and OMC_FE (deg): 4.61391920021855
INFO:root:Error between opt_PS and OMC_PS (deg): 6.336785582664297
INFO:root:Results for Subject P9
INFO:root:OMC FE axis in humerus cluster frame: [ 0.11883946 -0.12967273  0.98439431]
INFO:root:OMC PS axis in forearm cluster frame: [-0.20105759 -0.97611692 -0.08228064]
INFO:root:Opt FE axis in humerus IMU frame: [ 0.17939869 -0.10053805  0.97862567]
INFO:root:Opt PS axis in forearm IMU frame: [-0.13072774 -0.97283814 -0.19103982]
INFO:root:Opt SD in third DoF: 3.092810978950634
INFO:root:Error between opt_FE and OMC_FE (deg): 3.865372516177594
INFO:root:Error between opt_PS and OMC_PS (deg): 7.428401809904875
INFO:root:Results for Subject P10
INFO:root:OMC FE axis in humerus cluster frame: [ 0.44756355 -0.16637519  0.87862174]
INFO:root:OMC PS axis in forearm cluster frame: [-0.19405331 -0.98076353 -0.02108834]
INFO:root:Opt FE axis in humerus IMU frame: [0.2535124  0.03235138 0.96679101]
INFO:root:Opt PS axis in forearm IMU frame: [ 0.03617705  0.99823095 -0.04718254]
INFO:root:Opt SD in third DoF: 3.8795036883361216
INFO:root:Error between opt_FE and OMC_FE (deg): 16.75655062338606
INFO:root:Error between opt_PS and OMC_PS (deg): 9.918247632838735
INFO:root:Results for Subject P11
INFO:root:OMC FE axis in humerus cluster frame: [ 0.052587   -0.13359318  0.98962491]
INFO:root:OMC PS axis in forearm cluster frame: [-0.22162863 -0.97505248 -0.01232504]
INFO:root:Opt FE axis in humerus IMU frame: [ 0.25037941 -0.06300461 -0.96609553]
INFO:root:Opt PS axis in forearm IMU frame: [0.11590211 0.9897755  0.08313335]
INFO:root:Opt SD in third DoF: 3.3396524709354978
INFO:root:Error between opt_FE and OMC_FE (deg): 20.852075977286987
INFO:root:Error between opt_PS and OMC_PS (deg): 7.344411973776799
INFO:root:Results for Subject P12
INFO:root:OMC FE axis in humerus cluster frame: [ 0.01833044 -0.19370891  0.9808725 ]
INFO:root:OMC PS axis in forearm cluster frame: [-0.12353935 -0.98989421 -0.06961304]
INFO:root:Opt FE axis in humerus IMU frame: [0.1875455  0.01655713 0.98211636]
INFO:root:Opt PS axis in forearm IMU frame: [0.12538344 0.99099986 0.04688565]
INFO:root:Opt SD in third DoF: 3.4485925416467884
INFO:root:Error between opt_FE and OMC_FE (deg): 15.511690168778536
INFO:root:Error between opt_PS and OMC_PS (deg): 1.3080270965640381
INFO:root:Results for Subject P13
INFO:root:OMC FE axis in humerus cluster frame: [-0.22743327 -0.17844257  0.95728907]
INFO:root:OMC PS axis in forearm cluster frame: [-0.19555461 -0.9734716  -0.11878522]
INFO:root:Opt FE axis in humerus IMU frame: [ 0.4459393  -0.0573223  -0.89322578]
INFO:root:Opt PS axis in forearm IMU frame: [0.0207266  0.99343212 0.11253016]
INFO:root:Opt SD in third DoF: 5.66669228016977
INFO:root:Error between opt_FE and OMC_FE (deg): 18.865157869796484
INFO:root:Error between opt_PS and OMC_PS (deg): 10.10143162397515
INFO:root:Results for Subject P14
INFO:root:OMC FE axis in humerus cluster frame: [ 0.09891676 -0.23342353  0.96731532]
INFO:root:OMC PS axis in forearm cluster frame: [-0.16109927 -0.98618772 -0.0384616 ]
INFO:root:Opt FE axis in humerus IMU frame: [-0.38681534  0.17841535 -0.90473303]
INFO:root:Opt PS axis in forearm IMU frame: [0.08563237 0.99528175 0.04562173]
INFO:root:Opt SD in third DoF: 4.652043965768998
INFO:root:Error between opt_FE and OMC_FE (deg): 17.23736618379476
INFO:root:Error between opt_PS and OMC_PS (deg): 4.3755597291886525
INFO:root:Results for Subject P15
INFO:root:OMC FE axis in humerus cluster frame: [-0.12028726 -0.09464839  0.98820173]
INFO:root:OMC PS axis in forearm cluster frame: [-0.17051157 -0.98312435 -0.06626321]
INFO:root:Opt FE axis in humerus IMU frame: [ 0.05024986  0.14895713 -0.98756606]
INFO:root:Opt PS axis in forearm IMU frame: [0.00893382 0.99962431 0.02591182]
INFO:root:Opt SD in third DoF: 2.1941973947642426
INFO:root:Error between opt_FE and OMC_FE (deg): 5.079763383400639
INFO:root:Error between opt_PS and OMC_PS (deg): 9.599991059099759
INFO:root:Results for Subject P16
INFO:root:OMC FE axis in humerus cluster frame: [ 0.22987212 -0.16546229  0.95903652]
INFO:root:OMC PS axis in forearm cluster frame: [-0.15361501 -0.98679161 -0.0514124 ]
INFO:root:Opt FE axis in humerus IMU frame: [0.22279616 0.03682025 0.97416946]
INFO:root:Opt PS axis in forearm IMU frame: [0.07988047 0.99337884 0.08256867]
INFO:root:Opt SD in third DoF: 1.62639689752915
INFO:root:Error between opt_FE and OMC_FE (deg): 11.649535676216049
INFO:root:Error between opt_PS and OMC_PS (deg): 4.603088148628041
INFO:root:Results for Subject P17
INFO:root:OMC FE axis in humerus cluster frame: [-0.07832425 -0.13672648  0.98749237]
INFO:root:OMC PS axis in forearm cluster frame: [-0.15373755 -0.98660452 -0.05454161]
INFO:root:Opt FE axis in humerus IMU frame: [-0.16560922  0.02886207  0.98576902]
INFO:root:Opt PS axis in forearm IMU frame: [0.17116411 0.98256292 0.07261507]
INFO:root:Opt SD in third DoF: 2.8573035697147833
INFO:root:Error between opt_FE and OMC_FE (deg): 10.741169030844366
INFO:root:Error between opt_PS and OMC_PS (deg): 1.4570541462528224
INFO:root:Results for Subject P18
INFO:root:OMC FE axis in humerus cluster frame: [ 0.52085022 -0.12119075  0.84498394]
INFO:root:OMC PS axis in forearm cluster frame: [-0.21550032 -0.97648785 -0.00543974]
INFO:root:Opt FE axis in humerus IMU frame: [-0.47539077  0.07637309 -0.87645352]
INFO:root:Opt PS axis in forearm IMU frame: [0.09804539 0.99238264 0.07459086]
INFO:root:Opt SD in third DoF: 5.264503630470437
INFO:root:Error between opt_FE and OMC_FE (deg): 4.078773315590081
INFO:root:Error between opt_PS and OMC_PS (deg): 7.868490198376738
INFO:root:Results for Subject P19
INFO:root:OMC FE axis in humerus cluster frame: [ 0.06778297 -0.13974094  0.98785016]
INFO:root:OMC PS axis in forearm cluster frame: [-0.19256355 -0.98127579  0.00395011]
INFO:root:Opt FE axis in humerus IMU frame: [0.06599991 0.04519843 0.99679542]
INFO:root:Opt PS axis in forearm IMU frame: [ 0.09667525  0.99530523 -0.00462552]
INFO:root:Opt SD in third DoF: 5.468168043490982
INFO:root:Error between opt_FE and OMC_FE (deg): 10.624420081194312
INFO:root:Error between opt_PS and OMC_PS (deg): 5.554799820069412
INFO:root:Results for Subject P20
INFO:root:OMC FE axis in humerus cluster frame: [ 0.30416303 -0.14399233  0.94165867]
INFO:root:OMC PS axis in forearm cluster frame: [-0.15180358 -0.98589388 -0.07047999]
INFO:root:Opt FE axis in humerus IMU frame: [-0.3716264   0.0451981  -0.92728148]
INFO:root:Opt PS axis in forearm IMU frame: [-0.07251069 -0.99077275 -0.11450568]
INFO:root:Opt SD in third DoF: 1.0314448803899754
INFO:root:Error between opt_FE and OMC_FE (deg): 6.907914779049817
INFO:root:Error between opt_PS and OMC_PS (deg): 5.205759302417643
INFO:root:Results for Subject P21
INFO:root:OMC FE axis in humerus cluster frame: [-0.15476092 -0.07417002  0.98514865]
INFO:root:OMC PS axis in forearm cluster frame: [ 0.01646021 -0.98429643 -0.17575012]
INFO:root:Opt FE axis in humerus IMU frame: [ 0.43701389 -0.00252009  0.89945123]
INFO:root:Opt PS axis in forearm IMU frame: [0.10001579 0.99337773 0.05654671]
INFO:root:Opt SD in third DoF: 4.041012447476991
INFO:root:Error between opt_FE and OMC_FE (deg): 35.049152610937284
INFO:root:Error between opt_PS and OMC_PS (deg): 9.57431521058284
INFO:root:Results for Subject P22
INFO:root:OMC FE axis in humerus cluster frame: [ 0.01738456 -0.13814487  0.9902443 ]
INFO:root:OMC PS axis in forearm cluster frame: [-0.15176629 -0.98819881 -0.02070272]
INFO:root:Opt FE axis in humerus IMU frame: [ 0.11671759 -0.09820593  0.98829783]
INFO:root:Opt PS axis in forearm IMU frame: [ 0.11130661  0.99350341 -0.02370254]
INFO:root:Opt SD in third DoF: 5.169605479763217
INFO:root:Error between opt_FE and OMC_FE (deg): 6.138168371598578
INFO:root:Error between opt_PS and OMC_PS (deg): 3.4558699715499723
INFO:root:Using IMU type: Perfect, with data from trial: JA_Slow, and optimisation method: rot.
INFO:root:Results for Subject P1
INFO:root:OMC FE axis in humerus cluster frame: [ 0.10579772 -0.32176158  0.9408753 ]
INFO:root:OMC PS axis in forearm cluster frame: [-0.17304521 -0.98461158 -0.02436988]
INFO:root:Opt FE axis in humerus IMU frame: [-0.21766153  0.13880414 -0.96610396]
INFO:root:Opt PS axis in forearm IMU frame: [0.04650548 0.9959771  0.07659545]
INFO:root:Opt heading offset: 6.275272071822902
INFO:root:Opt SD in third DoF: 2.537181025139813
INFO:root:Error between opt_FE and OMC_FE (deg): 12.39582087334457
INFO:root:Error between opt_PS and OMC_PS (deg): 7.876606031474005
INFO:root:Results for Subject P2
INFO:root:OMC FE axis in humerus cluster frame: [ 0.00468547 -0.21570951  0.97643098]
INFO:root:OMC PS axis in forearm cluster frame: [-0.30422862 -0.95249196 -0.01423027]
INFO:root:Opt FE axis in humerus IMU frame: [ 0.01852575 -0.19408553  0.98080967]
INFO:root:Opt PS axis in forearm IMU frame: [0.00240475 0.9948904  0.10093216]
INFO:root:Opt heading offset: 10.009263629324575
INFO:root:Opt SD in third DoF: 4.731425578007057
INFO:root:Error between opt_FE and OMC_FE (deg): 1.492300201804719
INFO:root:Error between opt_PS and OMC_PS (deg): 18.232686367941213
INFO:root:Results for Subject P3
INFO:root:OMC FE axis in humerus cluster frame: [-0.09232654 -0.22716363  0.96945474]
INFO:root:OMC PS axis in forearm cluster frame: [-0.18415816 -0.98246574 -0.02907486]
INFO:root:Opt FE axis in humerus IMU frame: [-0.19084964  0.07404047 -0.97882298]
INFO:root:Opt PS axis in forearm IMU frame: [0.07726214 0.99158721 0.1038526 ]
INFO:root:Opt heading offset: 8.039320329930328
INFO:root:Opt SD in third DoF: 4.047914386370638
INFO:root:Error between opt_FE and OMC_FE (deg): 18.5335636793346
INFO:root:Error between opt_PS and OMC_PS (deg): 7.498113316300311
INFO:root:Results for Subject P4
INFO:root:OMC FE axis in humerus cluster frame: [-0.13786473 -0.25686799  0.95654699]
INFO:root:OMC PS axis in forearm cluster frame: [-0.16632848 -0.98604739 -0.0066244 ]
INFO:root:Opt FE axis in humerus IMU frame: [ 0.05965287  0.28738938 -0.95595443]
INFO:root:Opt PS axis in forearm IMU frame: [0.0908744  0.99490249 0.0437136 ]
INFO:root:Opt heading offset: 12.005449300351035
INFO:root:Opt SD in third DoF: 4.385708522190287
INFO:root:Error between opt_FE and OMC_FE (deg): 4.811908163393673
INFO:root:Error between opt_PS and OMC_PS (deg): 4.845341722118209
INFO:root:Results for Subject P5
INFO:root:OMC FE axis in humerus cluster frame: [-0.13908254 -0.23058285  0.963046  ]
INFO:root:OMC PS axis in forearm cluster frame: [-0.18971035 -0.98094633 -0.04186613]
INFO:root:Opt FE axis in humerus IMU frame: [ 0.0077939  -0.16655875  0.98600073]
INFO:root:Opt PS axis in forearm IMU frame: [0.05345682 0.99607239 0.07058445]
INFO:root:Opt heading offset: 8.824064702870396
INFO:root:Opt SD in third DoF: 3.9544382714989204
INFO:root:Error between opt_FE and OMC_FE (deg): 9.28412400669067
INFO:root:Error between opt_PS and OMC_PS (deg): 8.031784746923691
INFO:root:Results for Subject P6
INFO:root:OMC FE axis in humerus cluster frame: [ 0.06464167 -0.17367757  0.9826635 ]
INFO:root:OMC PS axis in forearm cluster frame: [-0.13844874 -0.99027869 -0.0133623 ]
INFO:root:Opt FE axis in humerus IMU frame: [-0.07097217  0.21617817 -0.97377099]
INFO:root:Opt PS axis in forearm IMU frame: [0.14099489 0.98652498 0.08299948]
INFO:root:Opt heading offset: 5.551290906470193
INFO:root:Opt SD in third DoF: 2.984340072312538
INFO:root:Error between opt_FE and OMC_FE (deg): 2.5143587273825596
INFO:root:Error between opt_PS and OMC_PS (deg): 3.99918426774544
INFO:root:Results for Subject P7
INFO:root:OMC FE axis in humerus cluster frame: [ 0.3410771  -0.13115719  0.93082448]
INFO:root:OMC PS axis in forearm cluster frame: [-0.13660867 -0.98378755 -0.11618361]
INFO:root:Opt FE axis in humerus IMU frame: [ 0.25609585 -0.31444635  0.9140779 ]
INFO:root:Opt PS axis in forearm IMU frame: [0.12037476 0.98800323 0.09674474]
INFO:root:Opt heading offset: 16.070922149267247
INFO:root:Opt SD in third DoF: 6.313696831249491
INFO:root:Error between opt_FE and OMC_FE (deg): 11.635321477648283
INFO:root:Error between opt_PS and OMC_PS (deg): 1.4710833566328991
INFO:root:Results for Subject P8
INFO:root:OMC FE axis in humerus cluster frame: [ 0.1001554  -0.20459231  0.97369445]
INFO:root:OMC PS axis in forearm cluster frame: [-0.18034175 -0.9835575  -0.00948651]
INFO:root:Opt FE axis in humerus IMU frame: [-0.17952135  0.01607648 -0.98362271]
INFO:root:Opt PS axis in forearm IMU frame: [0.06411867 0.99677595 0.04823375]
INFO:root:Opt heading offset: 9.388139362012968
INFO:root:Opt SD in third DoF: 3.155523345101025
INFO:root:Error between opt_FE and OMC_FE (deg): 11.753842106134758
INFO:root:Error between opt_PS and OMC_PS (deg): 7.0646285227863075
INFO:root:Results for Subject P9
INFO:root:OMC FE axis in humerus cluster frame: [ 0.11883946 -0.12967273  0.98439431]
INFO:root:OMC PS axis in forearm cluster frame: [-0.20105759 -0.97611692 -0.08228064]
INFO:root:Opt FE axis in humerus IMU frame: [-0.23024227  0.18662596 -0.95507028]
INFO:root:Opt PS axis in forearm IMU frame: [0.133917   0.97119938 0.19707361]
INFO:root:Opt heading offset: 3.6393284099752967
INFO:root:Opt SD in third DoF: 2.509481416779011
INFO:root:Error between opt_FE and OMC_FE (deg): 7.36806370889006
INFO:root:Error between opt_PS and OMC_PS (deg): 7.630386070633754
INFO:root:Results for Subject P10
INFO:root:OMC FE axis in humerus cluster frame: [ 0.44756355 -0.16637519  0.87862174]
INFO:root:OMC PS axis in forearm cluster frame: [-0.19405331 -0.98076353 -0.02108834]
INFO:root:Opt FE axis in humerus IMU frame: [0.28362191 0.39335636 0.87454524]
INFO:root:Opt PS axis in forearm IMU frame: [ 0.03683269  0.99824315 -0.04641092]
INFO:root:Opt heading offset: 26.878567694021754
INFO:root:Opt SD in third DoF: 10.505144934574401
INFO:root:Error between opt_FE and OMC_FE (deg): 33.911429651538775
INFO:root:Error between opt_PS and OMC_PS (deg): 9.866399217857587
INFO:root:Results for Subject P11
INFO:root:OMC FE axis in humerus cluster frame: [ 0.052587   -0.13359318  0.98962491]
INFO:root:OMC PS axis in forearm cluster frame: [-0.22162863 -0.97505248 -0.01232504]
INFO:root:Opt FE axis in humerus IMU frame: [ 0.13822644  0.10865519 -0.98442242]
INFO:root:Opt PS axis in forearm IMU frame: [0.10580678 0.99086523 0.08361238]
INFO:root:Opt heading offset: 10.39851850565912
INFO:root:Opt SD in third DoF: 6.567720484281092
INFO:root:Error between opt_FE and OMC_FE (deg): 11.046993343290433
INFO:root:Error between opt_PS and OMC_PS (deg): 7.85098616055718
INFO:root:Results for Subject P12
INFO:root:OMC FE axis in humerus cluster frame: [ 0.01833044 -0.19370891  0.9808725 ]
INFO:root:OMC PS axis in forearm cluster frame: [-0.12353935 -0.98989421 -0.06961304]
INFO:root:Opt FE axis in humerus IMU frame: [nan nan nan]
INFO:root:Opt PS axis in forearm IMU frame: [nan nan nan]
INFO:root:Opt heading offset: nan
INFO:root:Opt SD in third DoF: nan
INFO:root:Error between opt_FE and OMC_FE (deg): nan
INFO:root:Error between opt_PS and OMC_PS (deg): nan
INFO:root:Results for Subject P13
INFO:root:OMC FE axis in humerus cluster frame: [-0.22743327 -0.17844257  0.95728907]
INFO:root:OMC PS axis in forearm cluster frame: [-0.19555461 -0.9734716  -0.11878522]
INFO:root:Opt FE axis in humerus IMU frame: [-0.53686376  0.8373382   0.10316026]
INFO:root:Opt PS axis in forearm IMU frame: [-0.01281288  0.99580931  0.09055191]
INFO:root:Opt heading offset: 95.94900180828685
INFO:root:Opt SD in third DoF: 15.264313326263466
INFO:root:Error between opt_FE and OMC_FE (deg): 85.90334794719965
INFO:root:Error between opt_PS and OMC_PS (deg): 12.13815410120886
INFO:root:Results for Subject P14
INFO:root:OMC FE axis in humerus cluster frame: [ 0.09891676 -0.23342353  0.96731532]
INFO:root:OMC PS axis in forearm cluster frame: [-0.16109927 -0.98618772 -0.0384616 ]
INFO:root:Opt FE axis in humerus IMU frame: [-0.43238308 -0.27326017 -0.85928677]
INFO:root:Opt PS axis in forearm IMU frame: [0.07680531 0.99601844 0.04525717]
INFO:root:Opt heading offset: 24.687715832254767
INFO:root:Opt SD in third DoF: 13.191585199445548
INFO:root:Error between opt_FE and OMC_FE (deg): 35.88472035166673
INFO:root:Error between opt_PS and OMC_PS (deg): 4.87946193332403
INFO:root:Results for Subject P15
INFO:root:OMC FE axis in humerus cluster frame: [-0.12028726 -0.09464839  0.98820173]
INFO:root:OMC PS axis in forearm cluster frame: [-0.17051157 -0.98312435 -0.06626321]
INFO:root:Opt FE axis in humerus IMU frame: [-0.14340545 -0.76263938  0.63072661]
INFO:root:Opt PS axis in forearm IMU frame: [0.04604673 0.99722683 0.05846659]
INFO:root:Opt heading offset: 46.169817807689256
INFO:root:Opt SD in third DoF: 19.989658459395393
INFO:root:Error between opt_FE and OMC_FE (deg): 44.542670667098925
INFO:root:Error between opt_PS and OMC_PS (deg): 7.195559171317931
INFO:root:Results for Subject P16
INFO:root:OMC FE axis in humerus cluster frame: [ 0.22987212 -0.16546229  0.95903652]
INFO:root:OMC PS axis in forearm cluster frame: [-0.15361501 -0.98679161 -0.0514124 ]
INFO:root:Opt FE axis in humerus IMU frame: [0.30702814 0.11791664 0.94436719]
INFO:root:Opt PS axis in forearm IMU frame: [0.06102242 0.99421144 0.08843003]
INFO:root:Opt heading offset: 5.767342916026131
INFO:root:Opt SD in third DoF: 2.92301213562137
INFO:root:Error between opt_FE and OMC_FE (deg): 16.909883618856
INFO:root:Error between opt_PS and OMC_PS (deg): 5.731610442547181
INFO:root:Results for Subject P17
INFO:root:OMC FE axis in humerus cluster frame: [-0.07832425 -0.13672648  0.98749237]
INFO:root:OMC PS axis in forearm cluster frame: [-0.15373755 -0.98660452 -0.05454161]
INFO:root:Opt FE axis in humerus IMU frame: [ 0.01771101 -0.11163356 -0.9935916 ]
INFO:root:Opt PS axis in forearm IMU frame: [0.16895217 0.98197331 0.084756  ]
INFO:root:Opt heading offset: 7.420883922938779
INFO:root:Opt SD in third DoF: 4.457713927425792
INFO:root:Error between opt_FE and OMC_FE (deg): 14.69213614730064
INFO:root:Error between opt_PS and OMC_PS (deg): 1.956427723757512
INFO:root:Results for Subject P18
INFO:root:OMC FE axis in humerus cluster frame: [ 0.52085022 -0.12119075  0.84498394]
INFO:root:OMC PS axis in forearm cluster frame: [-0.21550032 -0.97648785 -0.00543974]
INFO:root:Opt FE axis in humerus IMU frame: [0.00635623 0.77957404 0.62627783]
INFO:root:Opt PS axis in forearm IMU frame: [0.06528554 0.99749861 0.02709851]
INFO:root:Opt heading offset: 70.34688259069321
INFO:root:Opt SD in third DoF: 19.245238855945445
INFO:root:Error between opt_FE and OMC_FE (deg): 64.02144218653034
INFO:root:Error between opt_PS and OMC_PS (deg): 8.787222666823212
INFO:root:Results for Subject P19
INFO:root:OMC FE axis in humerus cluster frame: [ 0.06778297 -0.13974094  0.98785016]
INFO:root:OMC PS axis in forearm cluster frame: [-0.19256355 -0.98127579  0.00395011]
INFO:root:Opt FE axis in humerus IMU frame: [-0.20846594 -0.67710859  0.70573785]
INFO:root:Opt PS axis in forearm IMU frame: [0.11839284 0.99256393 0.02828374]
INFO:root:Opt heading offset: 57.622497837322136
INFO:root:Opt SD in third DoF: 24.0524013297228
INFO:root:Error between opt_FE and OMC_FE (deg): 38.952788014742325
INFO:root:Error between opt_PS and OMC_PS (deg): 4.679859078182893
INFO:root:Results for Subject P20
INFO:root:OMC FE axis in humerus cluster frame: [ 0.30416303 -0.14399233  0.94165867]
INFO:root:OMC PS axis in forearm cluster frame: [-0.15180358 -0.98589388 -0.07047999]
INFO:root:Opt FE axis in humerus IMU frame: [ 0.36608909 -0.34569958  0.86398529]
INFO:root:Opt PS axis in forearm IMU frame: [0.06244408 0.99116031 0.11705545]
INFO:root:Opt heading offset: 22.05847966650716
INFO:root:Opt SD in third DoF: 6.856524990617704
INFO:root:Error between opt_FE and OMC_FE (deg): 12.909870922278191
INFO:root:Error between opt_PS and OMC_PS (deg): 5.783976314058051
INFO:root:Results for Subject P21
INFO:root:OMC FE axis in humerus cluster frame: [-0.15476092 -0.07417002  0.98514865]
INFO:root:OMC PS axis in forearm cluster frame: [ 0.01646021 -0.98429643 -0.17575012]
INFO:root:Opt FE axis in humerus IMU frame: [nan nan nan]
INFO:root:Opt PS axis in forearm IMU frame: [nan nan nan]
INFO:root:Opt heading offset: nan
INFO:root:Opt SD in third DoF: nan
INFO:root:Error between opt_FE and OMC_FE (deg): nan
INFO:root:Error between opt_PS and OMC_PS (deg): nan
INFO:root:Results for Subject P22
INFO:root:OMC FE axis in humerus cluster frame: [ 0.01738456 -0.13814487  0.9902443 ]
INFO:root:OMC PS axis in forearm cluster frame: [-0.15176629 -0.98819881 -0.02070272]
INFO:root:Opt FE axis in humerus IMU frame: [-0.1395291  -0.11351178 -0.98369035]
INFO:root:Opt PS axis in forearm IMU frame: [0.08703671 0.99619863 0.00359136]
INFO:root:Opt heading offset: 11.736704343798397
INFO:root:Opt SD in third DoF: 7.077386681046064
INFO:root:Error between opt_FE and OMC_FE (deg): 16.084785749149805
INFO:root:Error between opt_PS and OMC_PS (deg): 3.8641495874515037
INFO:root:Using IMU type: Perfect, with data from trial: JA_Slow, and optimisation method: ori.
INFO:root:Results for Subject P1
INFO:root:OMC FE axis in humerus cluster frame: [ 0.10579772 -0.32176158  0.9408753 ]
INFO:root:OMC PS axis in forearm cluster frame: [-0.17304521 -0.98461158 -0.02436988]
INFO:root:Opt FE axis in humerus IMU frame: [ 0.24479392 -0.02603435  0.96922554]
INFO:root:Opt PS axis in forearm IMU frame: [-0.03788655 -0.98935404 -0.14051049]
INFO:root:Opt heading offset: 3.604385677567625
INFO:root:Opt SD in third DoF: 1.6614787733131118
INFO:root:Error between opt_FE and OMC_FE (deg): 18.877930979263013
INFO:root:Error between opt_PS and OMC_PS (deg): 10.22750320690168
INFO:root:Results for Subject P2
INFO:root:OMC FE axis in humerus cluster frame: [ 0.00468547 -0.21570951  0.97643098]
INFO:root:OMC PS axis in forearm cluster frame: [-0.30422862 -0.95249196 -0.01423027]
INFO:root:Opt FE axis in humerus IMU frame: [ 0.05542935 -0.13271709  0.98960283]
INFO:root:Opt PS axis in forearm IMU frame: [0.00066467 0.9916015  0.12932912]
INFO:root:Opt heading offset: 5.3994391753836375
INFO:root:Opt SD in third DoF: 2.7717518002397106
INFO:root:Error between opt_FE and OMC_FE (deg): 5.626688537164868
INFO:root:Error between opt_PS and OMC_PS (deg): 18.820167023143355
INFO:root:Results for Subject P3
INFO:root:OMC FE axis in humerus cluster frame: [-0.09232654 -0.22716363  0.96945474]
INFO:root:OMC PS axis in forearm cluster frame: [-0.18415816 -0.98246574 -0.02907486]
INFO:root:Opt FE axis in humerus IMU frame: [ 0.20015692 -0.03898452  0.97898795]
INFO:root:Opt PS axis in forearm IMU frame: [-0.08573188 -0.99425257 -0.06412383]
INFO:root:Opt heading offset: 11.299276205743412
INFO:root:Opt SD in third DoF: 4.843693509921444
INFO:root:Error between opt_FE and OMC_FE (deg): 20.036478610635605
INFO:root:Error between opt_PS and OMC_PS (deg): 6.0270420933138
INFO:root:Results for Subject P4
INFO:root:OMC FE axis in humerus cluster frame: [-0.13786473 -0.25686799  0.95654699]
INFO:root:OMC PS axis in forearm cluster frame: [-0.16632848 -0.98604739 -0.0066244 ]
INFO:root:Opt FE axis in humerus IMU frame: [ 0.03034063 -0.34828452 -0.93689772]
INFO:root:Opt PS axis in forearm IMU frame: [-0.06570414 -0.99716869 -0.03657288]
INFO:root:Opt heading offset: 31.12932389866867
INFO:root:Opt SD in third DoF: 10.31466704401026
INFO:root:Error between opt_FE and OMC_FE (deg): 35.81421950842335
INFO:root:Error between opt_PS and OMC_PS (deg): 6.051754661721297
INFO:root:Results for Subject P5
INFO:root:OMC FE axis in humerus cluster frame: [-0.13908254 -0.23058285  0.963046  ]
INFO:root:OMC PS axis in forearm cluster frame: [-0.18971035 -0.98094633 -0.04186613]
INFO:root:Opt FE axis in humerus IMU frame: [ 0.08030865  0.53772606 -0.83928613]
INFO:root:Opt PS axis in forearm IMU frame: [0.06353902 0.98087108 0.1839965 ]
INFO:root:Opt heading offset: 18.61854494606475
INFO:root:Opt SD in third DoF: 7.113217117154523
INFO:root:Error between opt_FE and OMC_FE (deg): 19.361569200770862
INFO:root:Error between opt_PS and OMC_PS (deg): 10.905710904219168
INFO:root:Results for Subject P6
INFO:root:OMC FE axis in humerus cluster frame: [ 0.06464167 -0.17367757  0.9826635 ]
INFO:root:OMC PS axis in forearm cluster frame: [-0.13844874 -0.99027869 -0.0133623 ]
INFO:root:Opt FE axis in humerus IMU frame: [ 0.06676497 -0.10493459  0.99223544]
INFO:root:Opt PS axis in forearm IMU frame: [-0.15368884 -0.98539613 -0.07330902]
INFO:root:Opt heading offset: 0.6456222607743674
INFO:root:Opt SD in third DoF: 2.0843105543875784
INFO:root:Error between opt_FE and OMC_FE (deg): 3.9793714572030985
INFO:root:Error between opt_PS and OMC_PS (deg): 3.555547335429562
INFO:root:Results for Subject P7
INFO:root:OMC FE axis in humerus cluster frame: [ 0.3410771  -0.13115719  0.93082448]
INFO:root:OMC PS axis in forearm cluster frame: [-0.13660867 -0.98378755 -0.11618361]
INFO:root:Opt FE axis in humerus IMU frame: [-0.31326449  0.05131557 -0.94827848]
INFO:root:Opt PS axis in forearm IMU frame: [-0.11373306 -0.98915534 -0.09293278]
INFO:root:Opt heading offset: 0.4368317207937764
INFO:root:Opt SD in third DoF: 1.3062803427579681
INFO:root:Error between opt_FE and OMC_FE (deg): 4.94791892954193
INFO:root:Error between opt_PS and OMC_PS (deg): 1.8940639664281635
INFO:root:Results for Subject P8
INFO:root:OMC FE axis in humerus cluster frame: [ 0.1001554  -0.20459231  0.97369445]
INFO:root:OMC PS axis in forearm cluster frame: [-0.18034175 -0.9835575  -0.00948651]
INFO:root:Opt FE axis in humerus IMU frame: [-0.14831492  0.27830492 -0.94897263]
INFO:root:Opt PS axis in forearm IMU frame: [0.1030171  0.99068273 0.08907979]
INFO:root:Opt heading offset: 10.550015298804041
INFO:root:Opt SD in third DoF: 3.8416517469542257
INFO:root:Error between opt_FE and OMC_FE (deg): 5.2418649420893395
INFO:root:Error between opt_PS and OMC_PS (deg): 6.374456868773782
INFO:root:Results for Subject P9
INFO:root:OMC FE axis in humerus cluster frame: [ 0.11883946 -0.12967273  0.98439431]
INFO:root:OMC PS axis in forearm cluster frame: [-0.20105759 -0.97611692 -0.08228064]
INFO:root:Opt FE axis in humerus IMU frame: [0.23853344 0.27288071 0.93200746]
INFO:root:Opt PS axis in forearm IMU frame: [0.09417873 0.98837959 0.11931536]
INFO:root:Opt heading offset: 26.552914323116163
INFO:root:Opt SD in third DoF: 10.336375054715846
INFO:root:Error between opt_FE and OMC_FE (deg): 24.433979785532017
INFO:root:Error between opt_PS and OMC_PS (deg): 6.522422445981902
INFO:root:Results for Subject P10
INFO:root:OMC FE axis in humerus cluster frame: [ 0.44756355 -0.16637519  0.87862174]
INFO:root:OMC PS axis in forearm cluster frame: [-0.19405331 -0.98076353 -0.02108834]
INFO:root:Opt FE axis in humerus IMU frame: [-0.27286726 -0.4472073  -0.85179169]
INFO:root:Opt PS axis in forearm IMU frame: [ 0.03571114  0.99613661 -0.08022822]
INFO:root:Opt heading offset: 32.16878238168532
INFO:root:Opt SD in third DoF: 11.51907933427122
INFO:root:Error between opt_FE and OMC_FE (deg): 37.23732522689623
INFO:root:Error between opt_PS and OMC_PS (deg): 10.822626097852348
INFO:root:Results for Subject P11
INFO:root:OMC FE axis in humerus cluster frame: [ 0.052587   -0.13359318  0.98962491]
INFO:root:OMC PS axis in forearm cluster frame: [-0.22162863 -0.97505248 -0.01232504]
INFO:root:Opt FE axis in humerus IMU frame: [-0.21685757 -0.17466662  0.96045008]
INFO:root:Opt PS axis in forearm IMU frame: [0.14860765 0.96709731 0.20649106]
INFO:root:Opt heading offset: 20.134526528975353
INFO:root:Opt SD in third DoF: 8.556830967199419
INFO:root:Error between opt_FE and OMC_FE (deg): 15.755294669491821
INFO:root:Error between opt_PS and OMC_PS (deg): 11.91579906092824
INFO:root:Results for Subject P12
INFO:root:OMC FE axis in humerus cluster frame: [ 0.01833044 -0.19370891  0.9808725 ]
INFO:root:OMC PS axis in forearm cluster frame: [-0.12353935 -0.98989421 -0.06961304]
INFO:root:Opt FE axis in humerus IMU frame: [nan nan nan]
INFO:root:Opt PS axis in forearm IMU frame: [nan nan nan]
INFO:root:Opt heading offset: nan
INFO:root:Opt SD in third DoF: nan
INFO:root:Error between opt_FE and OMC_FE (deg): nan
INFO:root:Error between opt_PS and OMC_PS (deg): nan
INFO:root:Results for Subject P13
INFO:root:OMC FE axis in humerus cluster frame: [-0.22743327 -0.17844257  0.95728907]
INFO:root:OMC PS axis in forearm cluster frame: [-0.19555461 -0.9734716  -0.11878522]
INFO:root:Opt FE axis in humerus IMU frame: [ 0.58379383 -0.81162316 -0.02127462]
INFO:root:Opt PS axis in forearm IMU frame: [ 0.00241411 -0.99780042 -0.06624565]
INFO:root:Opt heading offset: 105.31444629934352
INFO:root:Opt SD in third DoF: 13.427510329491405
INFO:root:Error between opt_FE and OMC_FE (deg): 89.52374620536415
INFO:root:Error between opt_PS and OMC_PS (deg): 11.838982455505004
INFO:root:Results for Subject P14
INFO:root:OMC FE axis in humerus cluster frame: [ 0.09891676 -0.23342353  0.96731532]
INFO:root:OMC PS axis in forearm cluster frame: [-0.16109927 -0.98618772 -0.0384616 ]
INFO:root:Opt FE axis in humerus IMU frame: [-0.40569324 -0.26730147 -0.87404972]
INFO:root:Opt PS axis in forearm IMU frame: [ 0.09355354  0.99560697 -0.00380803]
INFO:root:Opt heading offset: 24.478607979950773
INFO:root:Opt SD in third DoF: 12.006512692509315
INFO:root:Error between opt_FE and OMC_FE (deg): 34.590607796476256
INFO:root:Error between opt_PS and OMC_PS (deg): 4.598439174963474
INFO:root:Results for Subject P15
INFO:root:OMC FE axis in humerus cluster frame: [-0.12028726 -0.09464839  0.98820173]
INFO:root:OMC PS axis in forearm cluster frame: [-0.17051157 -0.98312435 -0.06626321]
INFO:root:Opt FE axis in humerus IMU frame: [-0.00982949 -0.10309501  0.99462294]
INFO:root:Opt PS axis in forearm IMU frame: [0.04026333 0.99669954 0.07049033]
INFO:root:Opt heading offset: 0.24509099331166354
INFO:root:Opt SD in third DoF: 2.0839636357331153
INFO:root:Error between opt_FE and OMC_FE (deg): 6.3612087674386455
INFO:root:Error between opt_PS and OMC_PS (deg): 7.512388832589804
INFO:root:Results for Subject P16
INFO:root:OMC FE axis in humerus cluster frame: [ 0.22987212 -0.16546229  0.95903652]
INFO:root:OMC PS axis in forearm cluster frame: [-0.15361501 -0.98679161 -0.0514124 ]
INFO:root:Opt FE axis in humerus IMU frame: [0.27442086 0.13419509 0.95220001]
INFO:root:Opt PS axis in forearm IMU frame: [-0.0702375  -0.99526745 -0.06715206]
INFO:root:Opt heading offset: 5.064726281293855
INFO:root:Opt SD in third DoF: 2.6552261491313502
INFO:root:Error between opt_FE and OMC_FE (deg): 17.42947332535755
INFO:root:Error between opt_PS and OMC_PS (deg): 4.887233136492438
INFO:root:Results for Subject P17
INFO:root:OMC FE axis in humerus cluster frame: [-0.07832425 -0.13672648  0.98749237]
INFO:root:OMC PS axis in forearm cluster frame: [-0.15373755 -0.98660452 -0.05454161]
INFO:root:Opt FE axis in humerus IMU frame: [-0.02470452  0.31542007  0.94863052]
INFO:root:Opt PS axis in forearm IMU frame: [0.15444776 0.98750897 0.03117574]
INFO:root:Opt heading offset: 19.811240542035783
INFO:root:Opt SD in third DoF: 8.788305869517789
INFO:root:Error between opt_FE and OMC_FE (deg): 26.41600448978824
INFO:root:Error between opt_PS and OMC_PS (deg): 1.3404169911045891
INFO:root:Results for Subject P18
INFO:root:OMC FE axis in humerus cluster frame: [ 0.52085022 -0.12119075  0.84498394]
INFO:root:OMC PS axis in forearm cluster frame: [-0.21550032 -0.97648785 -0.00543974]
INFO:root:Opt FE axis in humerus IMU frame: [0.31325544 0.50010968 0.80731737]
INFO:root:Opt PS axis in forearm IMU frame: [0.09595017 0.99017299 0.10173997]
INFO:root:Opt heading offset: 37.217011372048454
INFO:root:Opt SD in third DoF: 13.804778583294112
INFO:root:Error between opt_FE and OMC_FE (deg): 38.30405758653366
INFO:root:Error between opt_PS and OMC_PS (deg): 8.839244030258635
INFO:root:Results for Subject P19
INFO:root:OMC FE axis in humerus cluster frame: [ 0.06778297 -0.13974094  0.98785016]
INFO:root:OMC PS axis in forearm cluster frame: [-0.19256355 -0.98127579  0.00395011]
INFO:root:Opt FE axis in humerus IMU frame: [ 0.15066269  0.60041268 -0.78536957]
INFO:root:Opt PS axis in forearm IMU frame: [-0.12797404 -0.99177744 -0.00039777]
INFO:root:Opt heading offset: 50.81525085812667
INFO:root:Opt SD in third DoF: 21.80795970525373
INFO:root:Error between opt_FE and OMC_FE (deg): 31.83940617207756
INFO:root:Error between opt_PS and OMC_PS (deg): 3.7582447834036925
INFO:root:Results for Subject P20
INFO:root:OMC FE axis in humerus cluster frame: [ 0.30416303 -0.14399233  0.94165867]
INFO:root:OMC PS axis in forearm cluster frame: [-0.15180358 -0.98589388 -0.07047999]
INFO:root:Opt FE axis in humerus IMU frame: [ 0.40633088 -0.2672536   0.87376812]
INFO:root:Opt PS axis in forearm IMU frame: [0.05487151 0.99209382 0.11286704]
INFO:root:Opt heading offset: 15.466146750610887
INFO:root:Opt SD in third DoF: 4.835629819094834
INFO:root:Error between opt_FE and OMC_FE (deg): 9.976330596552582
INFO:root:Error between opt_PS and OMC_PS (deg): 6.074828667345914
INFO:root:Results for Subject P21
INFO:root:OMC FE axis in humerus cluster frame: [-0.15476092 -0.07417002  0.98514865]
INFO:root:OMC PS axis in forearm cluster frame: [ 0.01646021 -0.98429643 -0.17575012]
INFO:root:Opt FE axis in humerus IMU frame: [nan nan nan]
INFO:root:Opt PS axis in forearm IMU frame: [nan nan nan]
INFO:root:Opt heading offset: nan
INFO:root:Opt SD in third DoF: nan
INFO:root:Error between opt_FE and OMC_FE (deg): nan
INFO:root:Error between opt_PS and OMC_PS (deg): nan
INFO:root:Results for Subject P22
INFO:root:OMC FE axis in humerus cluster frame: [ 0.01738456 -0.13814487  0.9902443 ]
INFO:root:OMC PS axis in forearm cluster frame: [-0.15176629 -0.98819881 -0.02070272]
INFO:root:Opt FE axis in humerus IMU frame: [-0.04598812  0.49308543  0.86876455]
INFO:root:Opt PS axis in forearm IMU frame: [ 0.07978827  0.9966493  -0.01799996]
INFO:root:Opt heading offset: 34.471172999405724
INFO:root:Opt SD in third DoF: 11.355136659264112
INFO:root:Error between opt_FE and OMC_FE (deg): 37.68493360641967
INFO:root:Error between opt_PS and OMC_PS (deg): 4.70870557378448
INFO:root:Using IMU type: Perfect, with data from trial: JA_Slow, and optimisation method: rot_noDelta.
INFO:root:Results for Subject P1
INFO:root:OMC FE axis in humerus cluster frame: [ 0.10579772 -0.32176158  0.9408753 ]
INFO:root:OMC PS axis in forearm cluster frame: [-0.17304521 -0.98461158 -0.02436988]
INFO:root:Opt FE axis in humerus IMU frame: [-0.21942293  0.06199764 -0.97365798]
INFO:root:Opt PS axis in forearm IMU frame: [0.04310916 0.99628405 0.0745634 ]
INFO:root:Opt SD in third DoF: 1.6656108665282783
INFO:root:Error between opt_FE and OMC_FE (deg): 16.40931893025108
INFO:root:Error between opt_PS and OMC_PS (deg): 8.015457550322706
INFO:root:Results for Subject P2
INFO:root:OMC FE axis in humerus cluster frame: [ 0.00468547 -0.21570951  0.97643098]
INFO:root:OMC PS axis in forearm cluster frame: [-0.30422862 -0.95249196 -0.01423027]
INFO:root:Opt FE axis in humerus IMU frame: [ 0.06026803 -0.04484992  0.99717413]
INFO:root:Opt PS axis in forearm IMU frame: [-0.0035873   0.99498453  0.0999646 ]
INFO:root:Opt SD in third DoF: 1.4944871980061274
INFO:root:Error between opt_FE and OMC_FE (deg): 10.377143360695994
INFO:root:Error between opt_PS and OMC_PS (deg): 18.549955249547956
INFO:root:Results for Subject P3
INFO:root:OMC FE axis in humerus cluster frame: [-0.09232654 -0.22716363  0.96945474]
INFO:root:OMC PS axis in forearm cluster frame: [-0.18415816 -0.98246574 -0.02907486]
INFO:root:Opt FE axis in humerus IMU frame: [ 0.16794042 -0.18655054  0.96798498]
INFO:root:Opt PS axis in forearm IMU frame: [0.08156326 0.99134012 0.10291839]
INFO:root:Opt SD in third DoF: 1.5975544643125754
INFO:root:Error between opt_FE and OMC_FE (deg): 15.136991409548015
INFO:root:Error between opt_PS and OMC_PS (deg): 7.265249128227123
INFO:root:Results for Subject P4
INFO:root:OMC FE axis in humerus cluster frame: [-0.13786473 -0.25686799  0.95654699]
INFO:root:OMC PS axis in forearm cluster frame: [-0.16632848 -0.98604739 -0.0066244 ]
INFO:root:Opt FE axis in humerus IMU frame: [ 0.02333458  0.11340917 -0.99327431]
INFO:root:Opt PS axis in forearm IMU frame: [0.08150159 0.99556374 0.04701423]
INFO:root:Opt SD in third DoF: 1.623314292285236
INFO:root:Error between opt_FE and OMC_FE (deg): 10.741980737621038
INFO:root:Error between opt_PS and OMC_PS (deg): 5.412599104848279
INFO:root:Results for Subject P5
INFO:root:OMC FE axis in humerus cluster frame: [-0.13908254 -0.23058285  0.963046  ]
INFO:root:OMC PS axis in forearm cluster frame: [-0.18971035 -0.98094633 -0.04186613]
INFO:root:Opt FE axis in humerus IMU frame: [ 0.02628485  0.28369271 -0.95855493]
INFO:root:Opt PS axis in forearm IMU frame: [0.05454947 0.99603574 0.07026499]
INFO:root:Opt SD in third DoF: 3.892528921851143
INFO:root:Error between opt_FE and OMC_FE (deg): 7.15270912282461
INFO:root:Error between opt_PS and OMC_PS (deg): 7.966749875768637
INFO:root:Results for Subject P6
INFO:root:OMC FE axis in humerus cluster frame: [ 0.06464167 -0.17367757  0.9826635 ]
INFO:root:OMC PS axis in forearm cluster frame: [-0.13844874 -0.99027869 -0.0133623 ]
INFO:root:Opt FE axis in humerus IMU frame: [ 0.08274984 -0.13275541  0.98768844]
INFO:root:Opt PS axis in forearm IMU frame: [0.13730165 0.98683208 0.08550265]
INFO:root:Opt SD in third DoF: 2.1835418451635187
INFO:root:Error between opt_FE and OMC_FE (deg): 2.5803155057636458
INFO:root:Error between opt_PS and OMC_PS (deg): 4.139475803347825
INFO:root:Results for Subject P7
INFO:root:OMC FE axis in humerus cluster frame: [ 0.3410771  -0.13115719  0.93082448]
INFO:root:OMC PS axis in forearm cluster frame: [-0.13660867 -0.98378755 -0.11618361]
INFO:root:Opt FE axis in humerus IMU frame: [-0.30895592  0.07523573 -0.94809589]
INFO:root:Opt PS axis in forearm IMU frame: [0.11291632 0.98868508 0.0987508 ]
INFO:root:Opt SD in third DoF: 1.3511930808499542
INFO:root:Error between opt_FE and OMC_FE (deg): 3.825970159221583
INFO:root:Error between opt_PS and OMC_PS (deg): 1.7086085057465017
INFO:root:Results for Subject P8
INFO:root:OMC FE axis in humerus cluster frame: [ 0.1001554  -0.20459231  0.97369445]
INFO:root:OMC PS axis in forearm cluster frame: [-0.18034175 -0.9835575  -0.00948651]
INFO:root:Opt FE axis in humerus IMU frame: [ 0.16040706 -0.1410059   0.97692728]
INFO:root:Opt PS axis in forearm IMU frame: [0.06829053 0.99663343 0.0453675 ]
INFO:root:Opt SD in third DoF: 2.3378385615915858
INFO:root:Error between opt_FE and OMC_FE (deg): 5.024086977116792
INFO:root:Error between opt_PS and OMC_PS (deg): 6.786662341825255
INFO:root:Results for Subject P9
INFO:root:OMC FE axis in humerus cluster frame: [ 0.11883946 -0.12967273  0.98439431]
INFO:root:OMC PS axis in forearm cluster frame: [-0.20105759 -0.97611692 -0.08228064]
INFO:root:Opt FE axis in humerus IMU frame: [ 0.24331273 -0.13292219  0.96079686]
INFO:root:Opt PS axis in forearm IMU frame: [0.13023065 0.97198981 0.19564197]
INFO:root:Opt SD in third DoF: 2.590231574278894
INFO:root:Error between opt_FE and OMC_FE (deg): 7.266129851695779
INFO:root:Error between opt_PS and OMC_PS (deg): 7.668010188674453
INFO:root:Results for Subject P10
INFO:root:OMC FE axis in humerus cluster frame: [ 0.44756355 -0.16637519  0.87862174]
INFO:root:OMC PS axis in forearm cluster frame: [-0.19405331 -0.98076353 -0.02108834]
INFO:root:Opt FE axis in humerus IMU frame: [-0.34744322 -0.00268277 -0.93769718]
INFO:root:Opt PS axis in forearm IMU frame: [ 0.05264569  0.9976928  -0.04286608]
INFO:root:Opt SD in third DoF: 3.637227008366464
INFO:root:Error between opt_FE and OMC_FE (deg): 11.776159402313159
INFO:root:Error between opt_PS and OMC_PS (deg): 8.954024501247867
INFO:root:Results for Subject P11
INFO:root:OMC FE axis in humerus cluster frame: [ 0.052587   -0.13359318  0.98962491]
INFO:root:OMC PS axis in forearm cluster frame: [-0.22162863 -0.97505248 -0.01232504]
INFO:root:Opt FE axis in humerus IMU frame: [-0.10546445  0.04178008  0.993545  ]
INFO:root:Opt PS axis in forearm IMU frame: [0.10614132 0.99087867 0.08302701]
INFO:root:Opt SD in third DoF: 3.2725572793941393
INFO:root:Error between opt_FE and OMC_FE (deg): 13.56025555483675
INFO:root:Error between opt_PS and OMC_PS (deg): 7.817342968789722
INFO:root:Results for Subject P12
INFO:root:OMC FE axis in humerus cluster frame: [ 0.01833044 -0.19370891  0.9808725 ]
INFO:root:OMC PS axis in forearm cluster frame: [-0.12353935 -0.98989421 -0.06961304]
INFO:root:Opt FE axis in humerus IMU frame: [nan nan nan]
INFO:root:Opt PS axis in forearm IMU frame: [nan nan nan]
INFO:root:Opt SD in third DoF: nan
INFO:root:Error between opt_FE and OMC_FE (deg): nan
INFO:root:Error between opt_PS and OMC_PS (deg): nan
INFO:root:Results for Subject P13
INFO:root:OMC FE axis in humerus cluster frame: [-0.22743327 -0.17844257  0.95728907]
INFO:root:OMC PS axis in forearm cluster frame: [-0.19555461 -0.9734716  -0.11878522]
INFO:root:Opt FE axis in humerus IMU frame: [ 0.36847417 -0.02985763 -0.92915839]
INFO:root:Opt PS axis in forearm IMU frame: [0.0256551  0.99443856 0.10214583]
INFO:root:Opt SD in third DoF: 5.644036416902152
INFO:root:Error between opt_FE and OMC_FE (deg): 14.542170036035476
INFO:root:Error between opt_PS and OMC_PS (deg): 9.866786526693662
INFO:root:Results for Subject P14
INFO:root:OMC FE axis in humerus cluster frame: [ 0.09891676 -0.23342353  0.96731532]
INFO:root:OMC PS axis in forearm cluster frame: [-0.16109927 -0.98618772 -0.0384616 ]
INFO:root:Opt FE axis in humerus IMU frame: [-0.46818107  0.17871535 -0.8653712 ]
INFO:root:Opt PS axis in forearm IMU frame: [0.08387354 0.99506632 0.05299298]
INFO:root:Opt SD in third DoF: 4.527365917089535
INFO:root:Error between opt_FE and OMC_FE (deg): 22.312333221280454
INFO:root:Error between opt_PS and OMC_PS (deg): 4.532190353674373
INFO:root:Results for Subject P15
INFO:root:OMC FE axis in humerus cluster frame: [-0.12028726 -0.09464839  0.98820173]
INFO:root:OMC PS axis in forearm cluster frame: [-0.17051157 -0.98312435 -0.06626321]
INFO:root:Opt FE axis in humerus IMU frame: [ 0.04353019 -0.18547995  0.98168341]
INFO:root:Opt PS axis in forearm IMU frame: [0.03657516 0.99824876 0.04649367]
INFO:root:Opt SD in third DoF: 2.5082605919251586
INFO:root:Error between opt_FE and OMC_FE (deg): 10.754659192716524
INFO:root:Error between opt_PS and OMC_PS (deg): 7.811440741605916
INFO:root:Results for Subject P16
INFO:root:OMC FE axis in humerus cluster frame: [ 0.22987212 -0.16546229  0.95903652]
INFO:root:OMC PS axis in forearm cluster frame: [-0.15361501 -0.98679161 -0.0514124 ]
INFO:root:Opt FE axis in humerus IMU frame: [-0.3223426  -0.02489426 -0.94629569]
INFO:root:Opt PS axis in forearm IMU frame: [-0.06231045 -0.99410305 -0.08874984]
INFO:root:Opt SD in third DoF: 1.8899046764216978
INFO:root:Error between opt_FE and OMC_FE (deg): 12.170302851131908
INFO:root:Error between opt_PS and OMC_PS (deg): 5.669694585216189
INFO:root:Results for Subject P17
INFO:root:OMC FE axis in humerus cluster frame: [-0.07832425 -0.13672648  0.98749237]
INFO:root:OMC PS axis in forearm cluster frame: [-0.15373755 -0.98660452 -0.05454161]
INFO:root:Opt FE axis in humerus IMU frame: [ 0.04652473 -0.00814564 -0.99888393]
INFO:root:Opt PS axis in forearm IMU frame: [0.17765312 0.98020762 0.0873636 ]
INFO:root:Opt SD in third DoF: 2.7916175601665465
INFO:root:Error between opt_FE and OMC_FE (deg): 8.531141456003695
INFO:root:Error between opt_PS and OMC_PS (deg): 2.355684129819003
INFO:root:Results for Subject P18
INFO:root:OMC FE axis in humerus cluster frame: [ 0.52085022 -0.12119075  0.84498394]
INFO:root:OMC PS axis in forearm cluster frame: [-0.21550032 -0.97648785 -0.00543974]
INFO:root:Opt FE axis in humerus IMU frame: [ 0.52173954 -0.09176424  0.84815516]
INFO:root:Opt PS axis in forearm IMU frame: [0.10454114 0.99059036 0.08832829]
INFO:root:Opt SD in third DoF: 5.089573467994129
INFO:root:Error between opt_FE and OMC_FE (deg): 1.6966172820896526
INFO:root:Error between opt_PS and OMC_PS (deg): 7.982996714463944
INFO:root:Results for Subject P19
INFO:root:OMC FE axis in humerus cluster frame: [ 0.06778297 -0.13974094  0.98785016]
INFO:root:OMC PS axis in forearm cluster frame: [-0.19256355 -0.98127579  0.00395011]
INFO:root:Opt FE axis in humerus IMU frame: [0.13930633 0.0320739  0.98972977]
INFO:root:Opt PS axis in forearm IMU frame: [ 0.0961037   0.99532638 -0.00945956]
INFO:root:Opt SD in third DoF: 6.025558249739554
INFO:root:Error between opt_FE and OMC_FE (deg): 10.679238951503807
INFO:root:Error between opt_PS and OMC_PS (deg): 5.596206674862363
INFO:root:Results for Subject P20
INFO:root:OMC FE axis in humerus cluster frame: [ 0.30416303 -0.14399233  0.94165867]
INFO:root:OMC PS axis in forearm cluster frame: [-0.15180358 -0.98589388 -0.07047999]
INFO:root:Opt FE axis in humerus IMU frame: [-0.43043654  0.04837778 -0.90132346]
INFO:root:Opt PS axis in forearm IMU frame: [0.05587803 0.99225315 0.11095643]
INFO:root:Opt SD in third DoF: 1.0773013325020093
INFO:root:Error between opt_FE and OMC_FE (deg): 9.375199694525701
INFO:root:Error between opt_PS and OMC_PS (deg): 5.97921510206613
INFO:root:Results for Subject P21
INFO:root:OMC FE axis in humerus cluster frame: [-0.15476092 -0.07417002  0.98514865]
INFO:root:OMC PS axis in forearm cluster frame: [ 0.01646021 -0.98429643 -0.17575012]
INFO:root:Opt FE axis in humerus IMU frame: [nan nan nan]
INFO:root:Opt PS axis in forearm IMU frame: [nan nan nan]
INFO:root:Opt SD in third DoF: nan
INFO:root:Error between opt_FE and OMC_FE (deg): nan
INFO:root:Error between opt_PS and OMC_PS (deg): nan
INFO:root:Results for Subject P22
INFO:root:OMC FE axis in humerus cluster frame: [ 0.01738456 -0.13814487  0.9902443 ]
INFO:root:OMC PS axis in forearm cluster frame: [-0.15176629 -0.98819881 -0.02070272]
INFO:root:Opt FE axis in humerus IMU frame: [ 0.16586749 -0.10218977  0.98083904]
INFO:root:Opt PS axis in forearm IMU frame: [ 0.10134013  0.99484553 -0.00354199]
INFO:root:Opt SD in third DoF: 4.714864856052365
INFO:root:Error between opt_FE and OMC_FE (deg): 8.778537447533708
INFO:root:Error between opt_PS and OMC_PS (deg): 3.228770953176077
