[2024-06-17 16:29:23.049] [info] Loaded model Right-scaled from file C:\Users\r03mm22\Documents\Protocol_Testing\2024 Data Collection\P6\OMC\das3_scaled_and_placed.osim
[2024-06-17 16:29:23.051] [warning] Couldn't find file 'ground_ribs.vtp'.
[2024-06-17 16:29:23.052] [warning] Couldn't find file 'ground_spine.vtp'.
[2024-06-17 16:29:23.052] [warning] Couldn't find file 'ground_skull.vtp'.
[2024-06-17 16:29:23.052] [warning] Couldn't find file 'ground_jaw.vtp'.
[2024-06-17 16:29:23.053] [warning] Couldn't find file 'rclavicle.vtp'.
[2024-06-17 16:29:23.053] [warning] Couldn't find file 'rscapula.vtp'.
[2024-06-17 16:29:23.053] [warning] Couldn't find file 'rhumerus.vtp'.
[2024-06-17 16:29:23.054] [warning] Couldn't find file 'rulna.vtp'.
[2024-06-17 16:29:23.054] [warning] Couldn't find file 'rradius.vtp'.
[2024-06-17 16:29:23.054] [warning] Couldn't find file 'r_hand.vtp'.
[2024-06-17 16:29:47.787] [info] Loaded model Right-scaled from file C:\Users\r03mm22\Documents\Protocol_Testing\2024 Data Collection\P6\OMC\das3_scaled_and_placed.osim
[2024-06-17 16:29:47.788] [warning] Couldn't find file 'ground_ribs.vtp'.
[2024-06-17 16:29:47.788] [warning] Couldn't find file 'ground_spine.vtp'.
[2024-06-17 16:29:47.788] [warning] Couldn't find file 'ground_skull.vtp'.
[2024-06-17 16:29:47.788] [warning] Couldn't find file 'ground_jaw.vtp'.
[2024-06-17 16:29:47.788] [warning] Couldn't find file 'rclavicle.vtp'.
[2024-06-17 16:29:47.788] [warning] Couldn't find file 'rscapula.vtp'.
[2024-06-17 16:29:47.788] [warning] Couldn't find file 'rhumerus.vtp'.
[2024-06-17 16:29:47.788] [warning] Couldn't find file 'rulna.vtp'.
[2024-06-17 16:29:47.788] [warning] Couldn't find file 'rradius.vtp'.
[2024-06-17 16:29:47.788] [warning] Couldn't find file 'r_hand.vtp'.
[2024-06-17 16:31:10.927] [info] Loaded model Right-scaled from file C:\Users\r03mm22\Documents\Protocol_Testing\2024 Data Collection\P6\OMC\das3_scaled_and_placed.osim
[2024-06-17 16:31:10.928] [warning] Couldn't find file 'ground_ribs.vtp'.
[2024-06-17 16:31:10.928] [warning] Couldn't find file 'ground_spine.vtp'.
[2024-06-17 16:31:10.928] [warning] Couldn't find file 'ground_skull.vtp'.
[2024-06-17 16:31:10.928] [warning] Couldn't find file 'ground_jaw.vtp'.
[2024-06-17 16:31:10.928] [warning] Couldn't find file 'rclavicle.vtp'.
[2024-06-17 16:31:10.928] [warning] Couldn't find file 'rscapula.vtp'.
[2024-06-17 16:31:10.928] [warning] Couldn't find file 'rhumerus.vtp'.
[2024-06-17 16:31:10.928] [warning] Couldn't find file 'rulna.vtp'.
[2024-06-17 16:31:10.928] [warning] Couldn't find file 'rradius.vtp'.
[2024-06-17 16:31:10.928] [warning] Couldn't find file 'r_hand.vtp'.
[2024-06-17 16:31:26.144] [info] Loaded model Right-scaled from file C:\Users\r03mm22\Documents\Protocol_Testing\2024 Data Collection\P6\OMC\das3_scaled_and_placed.osim
[2024-06-17 16:31:26.145] [warning] Couldn't find file 'ground_ribs.vtp'.
[2024-06-17 16:31:26.145] [warning] Couldn't find file 'ground_spine.vtp'.
[2024-06-17 16:31:26.145] [warning] Couldn't find file 'ground_skull.vtp'.
[2024-06-17 16:31:26.145] [warning] Couldn't find file 'ground_jaw.vtp'.
[2024-06-17 16:31:26.146] [warning] Couldn't find file 'rclavicle.vtp'.
[2024-06-17 16:31:26.146] [warning] Couldn't find file 'rscapula.vtp'.
[2024-06-17 16:31:26.146] [warning] Couldn't find file 'rhumerus.vtp'.
[2024-06-17 16:31:26.146] [warning] Couldn't find file 'rulna.vtp'.
[2024-06-17 16:31:26.146] [warning] Couldn't find file 'rradius.vtp'.
[2024-06-17 16:31:26.146] [warning] Couldn't find file 'r_hand.vtp'.
[2024-06-17 16:31:40.037] [info] Loaded model Right-scaled from file C:\Users\r03mm22\Documents\Protocol_Testing\2024 Data Collection\P6\OMC\das3_scaled_and_placed.osim
[2024-06-17 16:31:40.038] [warning] Couldn't find file 'ground_ribs.vtp'.
[2024-06-17 16:31:40.038] [warning] Couldn't find file 'ground_spine.vtp'.
[2024-06-17 16:31:40.038] [warning] Couldn't find file 'ground_skull.vtp'.
[2024-06-17 16:31:40.038] [warning] Couldn't find file 'ground_jaw.vtp'.
[2024-06-17 16:31:40.038] [warning] Couldn't find file 'rclavicle.vtp'.
[2024-06-17 16:31:40.038] [warning] Couldn't find file 'rscapula.vtp'.
[2024-06-17 16:31:40.038] [warning] Couldn't find file 'rhumerus.vtp'.
[2024-06-17 16:31:40.039] [warning] Couldn't find file 'rulna.vtp'.
[2024-06-17 16:31:40.039] [warning] Couldn't find file 'rradius.vtp'.
[2024-06-17 16:31:40.039] [warning] Couldn't find file 'r_hand.vtp'.
[2024-06-17 16:32:14.233] [info] Loaded model Right-scaled from file C:\Users\r03mm22\Documents\Protocol_Testing\2024 Data Collection\P6\OMC\das3_scaled_and_placed.osim
[2024-06-17 16:32:14.234] [warning] Couldn't find file 'ground_ribs.vtp'.
[2024-06-17 16:32:14.234] [warning] Couldn't find file 'ground_spine.vtp'.
[2024-06-17 16:32:14.234] [warning] Couldn't find file 'ground_skull.vtp'.
[2024-06-17 16:32:14.234] [warning] Couldn't find file 'ground_jaw.vtp'.
[2024-06-17 16:32:14.234] [warning] Couldn't find file 'rclavicle.vtp'.
[2024-06-17 16:32:14.234] [warning] Couldn't find file 'rscapula.vtp'.
[2024-06-17 16:32:14.234] [warning] Couldn't find file 'rhumerus.vtp'.
[2024-06-17 16:32:14.234] [warning] Couldn't find file 'rulna.vtp'.
[2024-06-17 16:32:14.235] [warning] Couldn't find file 'rradius.vtp'.
[2024-06-17 16:32:14.235] [warning] Couldn't find file 'r_hand.vtp'.
[2024-06-17 16:33:40.639] [info] Loaded model Right-scaled from file C:\Users\r03mm22\Documents\Protocol_Testing\2024 Data Collection\P6\OMC\das3_scaled_and_placed.osim
[2024-06-17 16:33:40.640] [warning] Couldn't find file 'ground_ribs.vtp'.
[2024-06-17 16:33:40.640] [warning] Couldn't find file 'ground_spine.vtp'.
[2024-06-17 16:33:40.640] [warning] Couldn't find file 'ground_skull.vtp'.
[2024-06-17 16:33:40.640] [warning] Couldn't find file 'ground_jaw.vtp'.
[2024-06-17 16:33:40.640] [warning] Couldn't find file 'rclavicle.vtp'.
[2024-06-17 16:33:40.640] [warning] Couldn't find file 'rscapula.vtp'.
[2024-06-17 16:33:40.641] [warning] Couldn't find file 'rhumerus.vtp'.
[2024-06-17 16:33:40.641] [warning] Couldn't find file 'rulna.vtp'.
[2024-06-17 16:33:40.641] [warning] Couldn't find file 'rradius.vtp'.
[2024-06-17 16:33:40.641] [warning] Couldn't find file 'r_hand.vtp'.
[2024-06-17 16:35:27.491] [info] Loaded model Right-scaled from file C:\Users\r03mm22\Documents\Protocol_Testing\2024 Data Collection\P6\OMC\das3_scaled_and_placed.osim
[2024-06-17 16:35:27.492] [warning] Couldn't find file 'ground_ribs.vtp'.
[2024-06-17 16:35:27.492] [warning] Couldn't find file 'ground_spine.vtp'.
[2024-06-17 16:35:27.492] [warning] Couldn't find file 'ground_skull.vtp'.
[2024-06-17 16:35:27.492] [warning] Couldn't find file 'ground_jaw.vtp'.
[2024-06-17 16:35:27.492] [warning] Couldn't find file 'rclavicle.vtp'.
[2024-06-17 16:35:27.492] [warning] Couldn't find file 'rscapula.vtp'.
[2024-06-17 16:35:27.492] [warning] Couldn't find file 'rhumerus.vtp'.
[2024-06-17 16:35:27.492] [warning] Couldn't find file 'rulna.vtp'.
[2024-06-17 16:35:27.492] [warning] Couldn't find file 'rradius.vtp'.
[2024-06-17 16:35:27.492] [warning] Couldn't find file 'r_hand.vtp'.
[2024-06-18 09:28:48.800] [info] Loaded model Right-scaled from file C:\Users\r03mm22\Documents\Protocol_Testing\2024 Data Collection\P1\OMC\das3_scaled_and_placed.osim
[2024-06-18 09:28:48.802] [warning] Couldn't find file 'ground_ribs.vtp'.
[2024-06-18 09:28:48.803] [warning] Couldn't find file 'ground_spine.vtp'.
[2024-06-18 09:28:48.803] [warning] Couldn't find file 'ground_skull.vtp'.
[2024-06-18 09:28:48.803] [warning] Couldn't find file 'ground_jaw.vtp'.
[2024-06-18 09:28:48.804] [warning] Couldn't find file 'rclavicle.vtp'.
[2024-06-18 09:28:48.804] [warning] Couldn't find file 'rscapula.vtp'.
[2024-06-18 09:28:48.804] [warning] Couldn't find file 'rhumerus.vtp'.
[2024-06-18 09:28:48.805] [warning] Couldn't find file 'rulna.vtp'.
[2024-06-18 09:28:48.805] [warning] Couldn't find file 'rradius.vtp'.
[2024-06-18 09:28:48.805] [warning] Couldn't find file 'r_hand.vtp'.
